#
# There is insufficient memory for the Java Runtime Environment to continue.
# Native memory allocation (mmap) failed to map 67108864 bytes for Failed to commit area from 0x00000000c1600000 to 0x00000000c5600000 of length 67108864.
# Possible reasons:
#   The system is out of physical RAM or swap space
#   The process is running with CompressedOops enabled, and the Java Heap may be blocking the growth of the native heap
# Possible solutions:
#   Reduce memory load on the system
#   Increase physical memory or swap space
#   Check if swap backing store is full
#   Decrease Java heap size (-Xmx/-Xms)
#   Decrease number of Java threads
#   Decrease Java thread stack sizes (-Xss)
#   Set larger code cache with -XX:ReservedCodeCacheSize=
# This output file may be truncated or incomplete.
#
#  Out of Memory Error (./open/src/hotspot/os/windows/os_windows.cpp:3271), pid=18000, tid=8080
#
# JRE version:  (11.0.7+8) (build )
# Java VM: Java HotSpot(TM) 64-Bit Server VM (11.0.7+8-LTS, mixed mode, sharing, tiered, compressed oops, g1 gc, windows-amd64)
# No core dump will be written. Minidumps are not enabled by default on client versions of Windows
#

---------------  S U M M A R Y ------------

Command Line: -Dfile.encoding=Cp1252 Shapes

Host: Intel(R) Core(TM) i3-8130U CPU @ 2.20GHz, 4 cores, 3G,  Windows 10 , 64 bit Build 22000 (10.0.22000.708)
Time: Sun Oct 16 18:40:34 2022 Eastern Daylight Time elapsed time: 0 seconds (0d 0h 0m 0s)

---------------  T H R E A D  ---------------

Current thread (0x000001c8222a6000):  JavaThread "Unknown thread" [_thread_in_vm, id=8080, stack(0x000000a904700000,0x000000a904800000)]

Stack: [0x000000a904700000,0x000000a904800000]
Native frames: (J=compiled Java code, j=interpreted, Vv=VM code, C=native code)
V  [jvm.dll+0x661a7a]
V  [jvm.dll+0x7a1b2f]
V  [jvm.dll+0x7a31d5]
V  [jvm.dll+0x7a3843]
V  [jvm.dll+0x25f1a8]
V  [jvm.dll+0x65ee8a]
V  [jvm.dll+0x653865]
V  [jvm.dll+0x316adc]
V  [jvm.dll+0x316962]
V  [jvm.dll+0x31c1d6]
V  [jvm.dll+0x3688af]
V  [jvm.dll+0x3682d0]
V  [jvm.dll+0x2f3888]
V  [jvm.dll+0x2f49e6]
V  [jvm.dll+0x77ac57]
V  [jvm.dll+0x77c52f]
V  [jvm.dll+0x3755a9]
V  [jvm.dll+0x75fe6e]
V  [jvm.dll+0x3e5b7d]
V  [jvm.dll+0x3e8091]
C  [javaw.exe+0x3617]
C  [javaw.exe+0x17e2c]
C  [KERNEL32.DLL+0x154e0]
C  [ntdll.dll+0x485b]


---------------  P R O C E S S  ---------------

Threads class SMR info:
_java_thread_list=0x000001c8208d45f0, length=0, elements={
}

Java Threads: ( => current thread )

Other Threads:
  0x000001c8222be800 GCTaskThread "GC Thread#0" [stack: 0x000000a904800000,0x000000a904900000] [id=20412]
  0x000001c8222d9000 ConcurrentGCThread "G1 Main Marker" [stack: 0x000000a904900000,0x000000a904a00000] [id=3592]
  0x000001c8222db000 ConcurrentGCThread "G1 Conc#0" [stack: 0x000000a904a00000,0x000000a904b00000] [id=13532]

[error occurred during error reporting (printing all threads), id 0xc0000005, EXCEPTION_ACCESS_VIOLATION (0xc0000005) at pc=0x00007ffbb4d42047]

VM state:not at safepoint (not fully initialized)

VM Mutex/Monitor currently owned by a thread:  ([mutex/lock_event])
[0x000001c8222a3ae0] Heap_lock - owner thread: 0x000001c8222a6000

Heap address: 0x00000000c1600000, size: 1002 MB, Compressed Oops mode: Non-zero based: 0x00000000c1600000
Narrow klass base: 0x0000000000000000, Narrow klass shift: 0

GC Heap History (0 events):
No events

Deoptimization events (0 events):
No events

Classes redefined (0 events):
No events

Internal exceptions (0 events):
No events

Events (0 events):
No events


Dynamic libraries:
0x00007ff705b20000 - 0x00007ff705b67000 	C:\Program Files\Java\jdk-11.0.7\bin\javaw.exe
0x00007ffbf9840000 - 0x00007ffbf9a49000 	C:\WINDOWS\SYSTEM32\ntdll.dll
0x00007ffbf8c10000 - 0x00007ffbf8ccd000 	C:\WINDOWS\System32\KERNEL32.DLL
0x00007ffbf6f90000 - 0x00007ffbf730b000 	C:\WINDOWS\System32\KERNELBASE.dll
0x00007ffbf8b60000 - 0x00007ffbf8c0e000 	C:\WINDOWS\System32\ADVAPI32.dll
0x00007ffbf7e80000 - 0x00007ffbf7f23000 	C:\WINDOWS\System32\msvcrt.dll
0x00007ffbf8d30000 - 0x00007ffbf8dce000 	C:\WINDOWS\System32\sechost.dll
0x00007ffbf8ea0000 - 0x00007ffbf8fc0000 	C:\WINDOWS\System32\RPCRT4.dll
0x00007ffbf94d0000 - 0x00007ffbf967d000 	C:\WINDOWS\System32\USER32.dll
0x00007ffbf7610000 - 0x00007ffbf7636000 	C:\WINDOWS\System32\win32u.dll
0x00007ffbf9770000 - 0x00007ffbf9799000 	C:\WINDOWS\System32\GDI32.dll
0x00007ffbf73d0000 - 0x00007ffbf74e8000 	C:\WINDOWS\System32\gdi32full.dll
0x00007ffbf6ef0000 - 0x00007ffbf6f8d000 	C:\WINDOWS\System32\msvcp_win.dll
0x00007ffbf74f0000 - 0x00007ffbf7601000 	C:\WINDOWS\System32\ucrtbase.dll
0x00007ffbe52e0000 - 0x00007ffbe5585000 	C:\WINDOWS\WinSxS\amd64_microsoft.windows.common-controls_6595b64144ccf1df_6.0.22000.120_none_9d947278b86cc467\COMCTL32.dll
0x00007ffbf5a50000 - 0x00007ffbf5a5a000 	C:\WINDOWS\SYSTEM32\VERSION.dll
0x00007ffbf97c0000 - 0x00007ffbf97f1000 	C:\WINDOWS\System32\IMM32.DLL
0x00007ffbf0340000 - 0x00007ffbf0356000 	C:\Program Files\Java\jdk-11.0.7\bin\vcruntime140.dll
0x00007ffbda7a0000 - 0x00007ffbda84a000 	C:\Program Files\Java\jdk-11.0.7\bin\msvcp140.dll
0x00007ffbb4a40000 - 0x00007ffbb55a1000 	C:\Program Files\Java\jdk-11.0.7\bin\server\jvm.dll
0x00007ffbf8950000 - 0x00007ffbf8958000 	C:\WINDOWS\System32\PSAPI.DLL
0x00007ffbf2e50000 - 0x00007ffbf2e59000 	C:\WINDOWS\SYSTEM32\WSOCK32.dll
0x00007ffbf8550000 - 0x00007ffbf85bf000 	C:\WINDOWS\System32\WS2_32.dll
0x00007ffbf2850000 - 0x00007ffbf2883000 	C:\WINDOWS\SYSTEM32\WINMM.dll
0x00007ffbf5d90000 - 0x00007ffbf5da8000 	C:\WINDOWS\SYSTEM32\kernel.appcore.dll
0x00007ffbf2d30000 - 0x00007ffbf2d41000 	C:\Program Files\Java\jdk-11.0.7\bin\verify.dll
0x00007ffbf4760000 - 0x00007ffbf4981000 	C:\WINDOWS\SYSTEM32\DBGHELP.DLL
0x00007ffbf0b80000 - 0x00007ffbf0bb1000 	C:\WINDOWS\SYSTEM32\dbgcore.DLL
0x00007ffbf7640000 - 0x00007ffbf76bf000 	C:\WINDOWS\System32\bcryptPrimitives.dll
0x00007ffbf0de0000 - 0x00007ffbf0e09000 	C:\Program Files\Java\jdk-11.0.7\bin\java.dll
0x00007ffbf2cf0000 - 0x00007ffbf2cfa000 	C:\Program Files\Java\jdk-11.0.7\bin\jimage.dll
0x00007ffbf26e0000 - 0x00007ffbf26f6000 	C:\Program Files\Java\jdk-11.0.7\bin\zip.dll

dbghelp: loaded successfully - version: 4.0.5 - missing functions: none
symbol engine: initialized successfully - sym options: 0x614 - pdb path: .;C:\Program Files\Java\jdk-11.0.7\bin;C:\WINDOWS\SYSTEM32;C:\WINDOWS\WinSxS\amd64_microsoft.windows.common-controls_6595b64144ccf1df_6.0.22000.120_none_9d947278b86cc467;C:\Program Files\Java\jdk-11.0.7\bin\server

VM Arguments:
jvm_args: -Dfile.encoding=Cp1252 
java_command: Shapes
java_class_path (initial): C:\Users\esraa\eclipse-workspace\NetworkProjectMain\bin
Launcher Type: SUN_STANDARD

[Global flags]
     intx CICompilerCount                          = 3                                         {product} {ergonomic}
     uint ConcGCThreads                            = 1                                         {product} {ergonomic}
     uint G1ConcRefinementThreads                  = 4                                         {product} {ergonomic}
   size_t G1HeapRegionSize                         = 1048576                                   {product} {ergonomic}
    uintx GCDrainStackTargetSize                   = 64                                        {product} {ergonomic}
   size_t InitialHeapSize                          = 67108864                                  {product} {ergonomic}
   size_t MarkStackSize                            = 4194304                                   {product} {ergonomic}
   size_t MaxHeapSize                              = 1050673152                                {product} {ergonomic}
   size_t MinHeapDeltaBytes                        = 1048576                                   {product} {ergonomic}
    uintx NonNMethodCodeHeapSize                   = 5830732                                {pd product} {ergonomic}
    uintx NonProfiledCodeHeapSize                  = 122913754                              {pd product} {ergonomic}
    uintx ProfiledCodeHeapSize                     = 122913754                              {pd product} {ergonomic}
    uintx ReservedCodeCacheSize                    = 251658240                              {pd product} {ergonomic}
     bool SegmentedCodeCache                       = true                                      {product} {ergonomic}
     bool UseCompressedClassPointers               = true                                 {lp64_product} {ergonomic}
     bool UseCompressedOops                        = true                                 {lp64_product} {ergonomic}
     bool UseG1GC                                  = true                                      {product} {ergonomic}
     bool UseLargePagesIndividualAllocation        = false                                  {pd product} {ergonomic}

Logging:
Log output configuration:
 #0: stdout all=warning uptime,level,tags
 #1: stderr all=off uptime,level,tags

Environment Variables:
JRE_HOME=C:\Program Files\Java\jdk-18.0.2.1\bin
PATH=C:/Program Files/Java/jdk-11.0.7/bin/server;C:/Program Files/Java/jdk-11.0.7/bin;C:\Program Files\Common Files\Oracle\Java\javapath;C:\Python39\Scripts\;C:\Python39\;C:\oraclexe\app\oracle\product\11.2.0\server\bin;C:\Program Files (x86)\Common Files\Oracle\Java\javapath;C:\WINDOWS\system32;C:\WINDOWS;C:\WINDOWS\System32\Wbem;C:\WINDOWS\System32\WindowsPowerShell\v1.0\;C:\WINDOWS\System32\OpenSSH\;C:\Program Files (x86)\Intel\Intel(R) Management Engine Components\DAL;C:\Program Files\Intel\Intel(R) Management Engine Components\DAL;C:\Program Files (x86)\Intel\Intel(R) Management Engine Components\IPT;C:\Program Files\Intel\Intel(R) Management Engine Components\IPT;C:\Program Files\PuTTY\;C:\Program Files\Java\jre1.8.0_241\bin;C:\Program Files\Java\jdk-11.0.1;C:\Program Files\apache-maven-3.6.3\bin;C:\oracle_odbc;C:\ProgramData\chocolatey\bin;C:\Program Files (x86)\dotnet\;C:\Program Files\Microsoft SQL Server\Client SDK\ODBC\170\Tools\Binn\;C:\Program Files (x86)\Microsoft SQL Server\150\Tools\Binn\;C:\Program Files\Microsoft SQL Server\150\Tools\Binn\;C:\Program Files\Microsoft SQL Server\150\DTS\Binn\;C:\Program Files\Azure Data Studio\bin;C:\Program Files\Git\cmd;C:\Users\esraa\AppData\Local\Microsoft\WindowsApps;C:\Program Files\MongoDB\Server\4.2\bin;C:\Program Files\Java\jdk-18.0.2.1\bin;C:\Program Files\Java\jre1.8.0_241\bin;C:\Program Files\Neo4j Desktop;C:\Users\esraa\AppData\Local\atom\bin;C:\Program Files\Azure Data Studio\bin;C:\Users\esraa\AppData\Local\Microsoft\WindowsApps;C:\Program Files\Vim\vim82;C:\Users\esraa\AppData\Local\GitHubDesktop\bin;C:\WINDOWS\System32;
USERNAME=esraa
OS=Windows_NT
PROCESSOR_IDENTIFIER=Intel64 Family 6 Model 142 Stepping 10, GenuineIntel



---------------  S Y S T E M  ---------------

OS: Windows 10 , 64 bit Build 22000 (10.0.22000.708)

CPU:total 4 (initial active 4) (2 cores per cpu, 2 threads per core) family 6 model 142 stepping 10, cmov, cx8, fxsr, mmx, sse, sse2, sse3, ssse3, sse4.1, sse4.2, popcnt, avx, avx2, aes, clmul, erms, 3dnowpref, lzcnt, ht, tsc, tscinvbit, bmi1, bmi2, adx, fma

Memory: 4k page, system-wide physical 4007M (335M free)
TotalPageFile size 16295M (AvailPageFile size 45M)
current process WorkingSet (physical memory assigned to process): 9M, peak: 9M
current process commit charge ("private bytes"): 51M, peak: 115M

vm_info: Java HotSpot(TM) 64-Bit Server VM (11.0.7+8-LTS) for windows-amd64 JRE (11.0.7+8-LTS), built on Mar 12 2020 02:04:32 by "mach5one" with MS VC++ 15.5 (VS2017)

END.
