#
# There is insufficient memory for the Java Runtime Environment to continue.
# Native memory allocation (malloc) failed to allocate 32744 bytes for ChunkPool::allocate
# Possible reasons:
#   The system is out of physical RAM or swap space
#   The process is running with CompressedOops enabled, and the Java Heap may be blocking the growth of the native heap
# Possible solutions:
#   Reduce memory load on the system
#   Increase physical memory or swap space
#   Check if swap backing store is full
#   Decrease Java heap size (-Xmx/-Xms)
#   Decrease number of Java threads
#   Decrease Java thread stack sizes (-Xss)
#   Set larger code cache with -XX:ReservedCodeCacheSize=
#   JVM is running with Unscaled Compressed Oops mode in which the Java heap is
#     placed in the first 4GB address space. The Java Heap base address is the
#     maximum limit for the native heap growth. Please use -XX:HeapBaseMinAddress
#     to set the Java Heap base and to place the Java Heap above 4GB virtual address.
# This output file may be truncated or incomplete.
#
#  Out of Memory Error (./open/src/hotspot/share/memory/arena.cpp:81), pid=17172, tid=17272
#
# JRE version: Java(TM) SE Runtime Environment 18.9 (11.0.7+8) (build 11.0.7+8-LTS)
# Java VM: Java HotSpot(TM) 64-Bit Server VM 18.9 (11.0.7+8-LTS, mixed mode, tiered, compressed oops, g1 gc, windows-amd64)
# No core dump will be written. Minidumps are not enabled by default on client versions of Windows
#

---------------  S U M M A R Y ------------

Command Line: -Dfile.encoding=Cp1252 Shapes

Host: Intel(R) Core(TM) i3-8130U CPU @ 2.20GHz, 4 cores, 3G,  Windows 10 , 64 bit Build 22000 (10.0.22000.708)
Time: Sun Oct 16 20:28:20 2022 Eastern Daylight Time elapsed time: 1035 seconds (0d 0h 17m 15s)

---------------  T H R E A D  ---------------

Current thread (0x00000144bcf25000):  JavaThread "C2 CompilerThread0" daemon [_thread_in_native, id=17272, stack(0x0000001709800000,0x0000001709900000)]


Current CompileTask:
C2:1035344 1727       4       java.lang.AbstractStringBuilder::append (45 bytes)

Stack: [0x0000001709800000,0x0000001709900000]
Native frames: (J=compiled Java code, j=interpreted, Vv=VM code, C=native code)
V  [jvm.dll+0x661a7a]
V  [jvm.dll+0x7a1b2f]
V  [jvm.dll+0x7a31d5]
V  [jvm.dll+0x7a3843]
V  [jvm.dll+0x25f1a8]
V  [jvm.dll+0xc266b]
V  [jvm.dll+0xc29cc]
V  [jvm.dll+0x5efa1e]
V  [jvm.dll+0x5efbd7]
V  [jvm.dll+0x5f451e]
V  [jvm.dll+0x5f4caa]
V  [jvm.dll+0x5f39fe]
V  [jvm.dll+0x21858d]
V  [jvm.dll+0x21788a]
V  [jvm.dll+0x19407c]
V  [jvm.dll+0x226c74]
V  [jvm.dll+0x224e98]
V  [jvm.dll+0x765e25]
V  [jvm.dll+0x75e875]
V  [jvm.dll+0x660b26]
C  [ucrtbase.dll+0x26c0c]
C  [KERNEL32.DLL+0x154e0]
C  [ntdll.dll+0x485b]


---------------  P R O C E S S  ---------------

Threads class SMR info:
_java_thread_list=0x00000144bda744a0, length=14, elements={
0x00000144a0176000, 0x00000144bceb0000, 0x00000144bceb9000, 0x00000144bcf21800,
0x00000144bcf23000, 0x00000144bcf25000, 0x00000144bd085000, 0x00000144bd089800,
0x00000144bd196800, 0x00000144bd1a2000, 0x00000144bd4c2000, 0x00000144bd4d6000,
0x00000144bd65b800, 0x00000144bd5cc800
}

Java Threads: ( => current thread )
  0x00000144a0176000 JavaThread "main" [_thread_blocked, id=17316, stack(0x0000001708d00000,0x0000001708e00000)]
  0x00000144bceb0000 JavaThread "Reference Handler" daemon [_thread_blocked, id=17296, stack(0x0000001709400000,0x0000001709500000)]
  0x00000144bceb9000 JavaThread "Finalizer" daemon [_thread_blocked, id=17308, stack(0x0000001709500000,0x0000001709600000)]
  0x00000144bcf21800 JavaThread "Signal Dispatcher" daemon [_thread_blocked, id=17292, stack(0x0000001709600000,0x0000001709700000)]
  0x00000144bcf23000 JavaThread "Attach Listener" daemon [_thread_blocked, id=17288, stack(0x0000001709700000,0x0000001709800000)]
=>0x00000144bcf25000 JavaThread "C2 CompilerThread0" daemon [_thread_in_native, id=17272, stack(0x0000001709800000,0x0000001709900000)]
  0x00000144bd085000 JavaThread "C1 CompilerThread0" daemon [_thread_blocked, id=17252, stack(0x0000001709900000,0x0000001709a00000)]
  0x00000144bd089800 JavaThread "Sweeper thread" daemon [_thread_blocked, id=17304, stack(0x0000001709a00000,0x0000001709b00000)]
  0x00000144bd196800 JavaThread "Service Thread" daemon [_thread_blocked, id=17280, stack(0x0000001709b00000,0x0000001709c00000)]
  0x00000144bd1a2000 JavaThread "Common-Cleaner" daemon [_thread_blocked, id=17276, stack(0x0000001709d00000,0x0000001709e00000)]
  0x00000144bd4c2000 JavaThread "Java2D Disposer" daemon [_thread_blocked, id=17360, stack(0x0000001709f00000,0x000000170a000000)]
  0x00000144bd4d6000 JavaThread "AWT-Shutdown" [_thread_blocked, id=17364, stack(0x000000170a000000,0x000000170a100000)]
  0x00000144bd65b800 JavaThread "AWT-Windows" daemon [_thread_in_native, id=17368, stack(0x000000170a100000,0x000000170a200000)]
  0x00000144bd5cc800 JavaThread "AWT-EventQueue-0" [_thread_blocked, id=15576, stack(0x000000170a200000,0x000000170a300000)]

Other Threads:
  0x00000144bce8c000 VMThread "VM Thread" [stack: 0x0000001709300000,0x0000001709400000] [id=17300]
  0x00000144bd19d000 WatcherThread [stack: 0x0000001709c00000,0x0000001709d00000] [id=17284]
  0x00000144a018d800 GCTaskThread "GC Thread#0" [stack: 0x0000001708e00000,0x0000001708f00000] [id=17312]
  0x00000144bda09800 GCTaskThread "GC Thread#1" [stack: 0x000000170a300000,0x000000170a400000] [id=17392]
  0x00000144bd242000 GCTaskThread "GC Thread#2" [stack: 0x000000170a400000,0x000000170a500000] [id=16988]
  0x00000144bd242800 GCTaskThread "GC Thread#3" [stack: 0x000000170a500000,0x000000170a600000] [id=17396]
  0x00000144a01a8000 ConcurrentGCThread "G1 Main Marker" [stack: 0x0000001708f00000,0x0000001709000000] [id=17336]
  0x00000144a01aa000 ConcurrentGCThread "G1 Conc#0" [stack: 0x0000001709000000,0x0000001709100000] [id=17340]
  0x00000144a0205800 ConcurrentGCThread "G1 Refine#0" [stack: 0x0000001709100000,0x0000001709200000] [id=17328]
  0x00000144a0208800 ConcurrentGCThread "G1 Young RemSet Sampling" [stack: 0x0000001709200000,0x0000001709300000] [id=17320]

Threads with active compile tasks:
C2 CompilerThread01727       4       java.lang.AbstractStringBuilder::append (45 bytes)

VM state:not at safepoint (normal execution)

VM Mutex/Monitor currently owned by a thread: None

Heap address: 0x00000000c1600000, size: 1002 MB, Compressed Oops mode: 32-bit
Narrow klass base: 0x0000000000000000, Narrow klass shift: 3
Compressed class space size: 1073741824 Address: 0x0000000100000000

Heap:
 garbage-first heap   total 65536K, used 11512K [0x00000000c1600000, 0x0000000100000000)
  region size 1024K, 10 young (10240K), 2 survivors (2048K)
 Metaspace       used 16086K, capacity 16517K, committed 16640K, reserved 1064960K
  class space    used 1732K, capacity 1937K, committed 2048K, reserved 1048576K
Heap Regions: E=young(eden), S=young(survivor), O=old, HS=humongous(starts), HC=humongous(continues), CS=collection set, F=free, A=archive, TAMS=top-at-mark-start (previous, next)
|   0|0x00000000c1600000, 0x00000000c1700000, 0x00000000c1700000|100%|HS|  |TAMS 0x00000000c1600000, 0x00000000c1600000| Complete 
|   1|0x00000000c1700000, 0x00000000c1800000, 0x00000000c1800000|100%|HC|  |TAMS 0x00000000c1700000, 0x00000000c1700000| Complete 
|   2|0x00000000c1800000, 0x00000000c183e200, 0x00000000c1900000| 24%| O|  |TAMS 0x00000000c1800000, 0x00000000c1800000| Untracked 
|   3|0x00000000c1900000, 0x00000000c1900000, 0x00000000c1a00000|  0%| F|  |TAMS 0x00000000c1900000, 0x00000000c1900000| Untracked 
|   4|0x00000000c1a00000, 0x00000000c1a00000, 0x00000000c1b00000|  0%| F|  |TAMS 0x00000000c1a00000, 0x00000000c1a00000| Untracked 
|   5|0x00000000c1b00000, 0x00000000c1b00000, 0x00000000c1c00000|  0%| F|  |TAMS 0x00000000c1b00000, 0x00000000c1b00000| Untracked 
|   6|0x00000000c1c00000, 0x00000000c1c00000, 0x00000000c1d00000|  0%| F|  |TAMS 0x00000000c1c00000, 0x00000000c1c00000| Untracked 
|   7|0x00000000c1d00000, 0x00000000c1d00000, 0x00000000c1e00000|  0%| F|  |TAMS 0x00000000c1d00000, 0x00000000c1d00000| Untracked 
|   8|0x00000000c1e00000, 0x00000000c1e00000, 0x00000000c1f00000|  0%| F|  |TAMS 0x00000000c1e00000, 0x00000000c1e00000| Untracked 
|   9|0x00000000c1f00000, 0x00000000c1f00000, 0x00000000c2000000|  0%| F|  |TAMS 0x00000000c1f00000, 0x00000000c1f00000| Untracked 
|  10|0x00000000c2000000, 0x00000000c2000000, 0x00000000c2100000|  0%| F|  |TAMS 0x00000000c2000000, 0x00000000c2000000| Untracked 
|  11|0x00000000c2100000, 0x00000000c2100000, 0x00000000c2200000|  0%| F|  |TAMS 0x00000000c2100000, 0x00000000c2100000| Untracked 
|  12|0x00000000c2200000, 0x00000000c2200000, 0x00000000c2300000|  0%| F|  |TAMS 0x00000000c2200000, 0x00000000c2200000| Untracked 
|  13|0x00000000c2300000, 0x00000000c2300000, 0x00000000c2400000|  0%| F|  |TAMS 0x00000000c2300000, 0x00000000c2300000| Untracked 
|  14|0x00000000c2400000, 0x00000000c2400000, 0x00000000c2500000|  0%| F|  |TAMS 0x00000000c2400000, 0x00000000c2400000| Untracked 
|  15|0x00000000c2500000, 0x00000000c2500000, 0x00000000c2600000|  0%| F|  |TAMS 0x00000000c2500000, 0x00000000c2500000| Untracked 
|  16|0x00000000c2600000, 0x00000000c2600000, 0x00000000c2700000|  0%| F|  |TAMS 0x00000000c2600000, 0x00000000c2600000| Untracked 
|  17|0x00000000c2700000, 0x00000000c2700000, 0x00000000c2800000|  0%| F|  |TAMS 0x00000000c2700000, 0x00000000c2700000| Untracked 
|  18|0x00000000c2800000, 0x00000000c2800000, 0x00000000c2900000|  0%| F|  |TAMS 0x00000000c2800000, 0x00000000c2800000| Untracked 
|  19|0x00000000c2900000, 0x00000000c2900000, 0x00000000c2a00000|  0%| F|  |TAMS 0x00000000c2900000, 0x00000000c2900000| Untracked 
|  20|0x00000000c2a00000, 0x00000000c2a00000, 0x00000000c2b00000|  0%| F|  |TAMS 0x00000000c2a00000, 0x00000000c2a00000| Untracked 
|  21|0x00000000c2b00000, 0x00000000c2b00000, 0x00000000c2c00000|  0%| F|  |TAMS 0x00000000c2b00000, 0x00000000c2b00000| Untracked 
|  22|0x00000000c2c00000, 0x00000000c2c00000, 0x00000000c2d00000|  0%| F|  |TAMS 0x00000000c2c00000, 0x00000000c2c00000| Untracked 
|  23|0x00000000c2d00000, 0x00000000c2d00000, 0x00000000c2e00000|  0%| F|  |TAMS 0x00000000c2d00000, 0x00000000c2d00000| Untracked 
|  24|0x00000000c2e00000, 0x00000000c2e00000, 0x00000000c2f00000|  0%| F|  |TAMS 0x00000000c2e00000, 0x00000000c2e00000| Untracked 
|  25|0x00000000c2f00000, 0x00000000c2f00000, 0x00000000c3000000|  0%| F|  |TAMS 0x00000000c2f00000, 0x00000000c2f00000| Untracked 
|  26|0x00000000c3000000, 0x00000000c3000000, 0x00000000c3100000|  0%| F|  |TAMS 0x00000000c3000000, 0x00000000c3000000| Untracked 
|  27|0x00000000c3100000, 0x00000000c3100000, 0x00000000c3200000|  0%| F|  |TAMS 0x00000000c3100000, 0x00000000c3100000| Untracked 
|  28|0x00000000c3200000, 0x00000000c3200000, 0x00000000c3300000|  0%| F|  |TAMS 0x00000000c3200000, 0x00000000c3200000| Untracked 
|  29|0x00000000c3300000, 0x00000000c3300000, 0x00000000c3400000|  0%| F|  |TAMS 0x00000000c3300000, 0x00000000c3300000| Untracked 
|  30|0x00000000c3400000, 0x00000000c3400000, 0x00000000c3500000|  0%| F|  |TAMS 0x00000000c3400000, 0x00000000c3400000| Untracked 
|  31|0x00000000c3500000, 0x00000000c3500000, 0x00000000c3600000|  0%| F|  |TAMS 0x00000000c3500000, 0x00000000c3500000| Untracked 
|  32|0x00000000c3600000, 0x00000000c3600000, 0x00000000c3700000|  0%| F|  |TAMS 0x00000000c3600000, 0x00000000c3600000| Untracked 
|  33|0x00000000c3700000, 0x00000000c3700000, 0x00000000c3800000|  0%| F|  |TAMS 0x00000000c3700000, 0x00000000c3700000| Untracked 
|  34|0x00000000c3800000, 0x00000000c3800000, 0x00000000c3900000|  0%| F|  |TAMS 0x00000000c3800000, 0x00000000c3800000| Untracked 
|  35|0x00000000c3900000, 0x00000000c3900000, 0x00000000c3a00000|  0%| F|  |TAMS 0x00000000c3900000, 0x00000000c3900000| Untracked 
|  36|0x00000000c3a00000, 0x00000000c3a00000, 0x00000000c3b00000|  0%| F|  |TAMS 0x00000000c3a00000, 0x00000000c3a00000| Untracked 
|  37|0x00000000c3b00000, 0x00000000c3b00000, 0x00000000c3c00000|  0%| F|  |TAMS 0x00000000c3b00000, 0x00000000c3b00000| Untracked 
|  38|0x00000000c3c00000, 0x00000000c3c00000, 0x00000000c3d00000|  0%| F|  |TAMS 0x00000000c3c00000, 0x00000000c3c00000| Untracked 
|  39|0x00000000c3d00000, 0x00000000c3d00000, 0x00000000c3e00000|  0%| F|  |TAMS 0x00000000c3d00000, 0x00000000c3d00000| Untracked 
|  40|0x00000000c3e00000, 0x00000000c3e00000, 0x00000000c3f00000|  0%| F|  |TAMS 0x00000000c3e00000, 0x00000000c3e00000| Untracked 
|  41|0x00000000c3f00000, 0x00000000c3f00000, 0x00000000c4000000|  0%| F|  |TAMS 0x00000000c3f00000, 0x00000000c3f00000| Untracked 
|  42|0x00000000c4000000, 0x00000000c4000000, 0x00000000c4100000|  0%| F|  |TAMS 0x00000000c4000000, 0x00000000c4000000| Untracked 
|  43|0x00000000c4100000, 0x00000000c4100000, 0x00000000c4200000|  0%| F|  |TAMS 0x00000000c4100000, 0x00000000c4100000| Untracked 
|  44|0x00000000c4200000, 0x00000000c4200000, 0x00000000c4300000|  0%| F|  |TAMS 0x00000000c4200000, 0x00000000c4200000| Untracked 
|  45|0x00000000c4300000, 0x00000000c4300000, 0x00000000c4400000|  0%| F|  |TAMS 0x00000000c4300000, 0x00000000c4300000| Untracked 
|  46|0x00000000c4400000, 0x00000000c4400000, 0x00000000c4500000|  0%| F|  |TAMS 0x00000000c4400000, 0x00000000c4400000| Untracked 
|  47|0x00000000c4500000, 0x00000000c4500000, 0x00000000c4600000|  0%| F|  |TAMS 0x00000000c4500000, 0x00000000c4500000| Untracked 
|  48|0x00000000c4600000, 0x00000000c4700000, 0x00000000c4700000|100%| S|CS|TAMS 0x00000000c4600000, 0x00000000c4600000| Complete 
|  49|0x00000000c4700000, 0x00000000c4800000, 0x00000000c4800000|100%| S|CS|TAMS 0x00000000c4700000, 0x00000000c4700000| Complete 
|  50|0x00000000c4800000, 0x00000000c4800000, 0x00000000c4900000|  0%| F|  |TAMS 0x00000000c4800000, 0x00000000c4800000| Untracked 
|  51|0x00000000c4900000, 0x00000000c4900000, 0x00000000c4a00000|  0%| F|  |TAMS 0x00000000c4900000, 0x00000000c4900000| Untracked 
|  52|0x00000000c4a00000, 0x00000000c4a00000, 0x00000000c4b00000|  0%| F|  |TAMS 0x00000000c4a00000, 0x00000000c4a00000| Untracked 
|  53|0x00000000c4b00000, 0x00000000c4b00000, 0x00000000c4c00000|  0%| F|  |TAMS 0x00000000c4b00000, 0x00000000c4b00000| Untracked 
|  54|0x00000000c4c00000, 0x00000000c4c00000, 0x00000000c4d00000|  0%| F|  |TAMS 0x00000000c4c00000, 0x00000000c4c00000| Untracked 
|  55|0x00000000c4d00000, 0x00000000c4d00000, 0x00000000c4e00000|  0%| F|  |TAMS 0x00000000c4d00000, 0x00000000c4d00000| Untracked 
|  56|0x00000000c4e00000, 0x00000000c4e80800, 0x00000000c4f00000| 50%| E|  |TAMS 0x00000000c4e00000, 0x00000000c4e00000| Complete 
|  57|0x00000000c4f00000, 0x00000000c5000000, 0x00000000c5000000|100%| E|CS|TAMS 0x00000000c4f00000, 0x00000000c4f00000| Complete 
|  58|0x00000000c5000000, 0x00000000c5100000, 0x00000000c5100000|100%| E|CS|TAMS 0x00000000c5000000, 0x00000000c5000000| Complete 
|  59|0x00000000c5100000, 0x00000000c5200000, 0x00000000c5200000|100%| E|CS|TAMS 0x00000000c5100000, 0x00000000c5100000| Complete 
|  60|0x00000000c5200000, 0x00000000c5300000, 0x00000000c5300000|100%| E|CS|TAMS 0x00000000c5200000, 0x00000000c5200000| Complete 
|  61|0x00000000c5300000, 0x00000000c5400000, 0x00000000c5400000|100%| E|CS|TAMS 0x00000000c5300000, 0x00000000c5300000| Complete 
|  62|0x00000000c5400000, 0x00000000c5500000, 0x00000000c5500000|100%| E|CS|TAMS 0x00000000c5400000, 0x00000000c5400000| Complete 
|  63|0x00000000c5500000, 0x00000000c5600000, 0x00000000c5600000|100%| E|CS|TAMS 0x00000000c5500000, 0x00000000c5500000| Complete 

Card table byte_map: [0x00000144b7db0000,0x00000144b7fb0000] _byte_map_base: 0x00000144b77a5000

Marking Bits (Prev, Next): (CMBitMap*) 0x00000144a01a3668, (CMBitMap*) 0x00000144a01a36a0
 Prev Bits: [0x00000144b81b0000, 0x00000144b9158000)
 Next Bits: [0x00000144b9160000, 0x00000144ba108000)

Polling page: 0x000001449e930000

Metaspace:

Usage:
  Non-class:     14.24 MB capacity,    14.02 MB ( 98%) used,   183.08 KB (  1%) free+waste,    43.50 KB ( <1%) overhead. 
      Class:      1.89 MB capacity,     1.69 MB ( 89%) used,   181.19 KB (  9%) free+waste,    23.13 KB (  1%) overhead. 
       Both:     16.13 MB capacity,    15.71 MB ( 97%) used,   364.27 KB (  2%) free+waste,    66.63 KB ( <1%) overhead. 

Virtual space:
  Non-class space:       16.00 MB reserved,      14.25 MB ( 89%) committed 
      Class space:        1.00 GB reserved,       2.00 MB ( <1%) committed 
             Both:        1.02 GB reserved,      16.25 MB (  2%) committed 

Chunk freelists:
   Non-Class:  1.50 KB
       Class:  1.88 KB
        Both:  3.38 KB

CodeHeap 'non-profiled nmethods': size=120064Kb used=637Kb max_used=637Kb free=119426Kb
 bounds [0x00000144b0050000, 0x00000144b02c0000, 0x00000144b7590000]
CodeHeap 'profiled nmethods': size=120000Kb used=3389Kb max_used=3389Kb free=116610Kb
 bounds [0x00000144a8b20000, 0x00000144a8e70000, 0x00000144b0050000]
CodeHeap 'non-nmethods': size=5696Kb used=1198Kb max_used=1236Kb free=4497Kb
 bounds [0x00000144a8590000, 0x00000144a8800000, 0x00000144a8b20000]
 total_blobs=2691 nmethods=1726 adapters=463
 compilation: enabled
              stopped_count=0, restarted_count=0
 full_count=0

Compilation events (10 events):
Event: 976.070 Thread 0x00000144bd085000 nmethod 1722 0x00000144a8e68690 code [0x00000144a8e68ca0, 0x00000144a8e6cdc0]
Event: 1035.265 Thread 0x00000144bd085000 1723       3       java.util.concurrent.ConcurrentHashMap::put (8 bytes)
Event: 1035.266 Thread 0x00000144bd085000 nmethod 1723 0x00000144a8e6df90 code [0x00000144a8e6e140, 0x00000144a8e6e2d0]
Event: 1035.266 Thread 0x00000144bd085000 1724  s    3       java.util.Properties::put (10 bytes)
Event: 1035.266 Thread 0x00000144bd085000 nmethod 1724 0x00000144a8e6e390 code [0x00000144a8e6e540, 0x00000144a8e6e8d0]
Event: 1035.300 Thread 0x00000144bd085000 1725       3       java.io.BufferedWriter::ensureOpen (18 bytes)
Event: 1035.302 Thread 0x00000144bd085000 nmethod 1725 0x00000144a8e6ea10 code [0x00000144a8e6ebc0, 0x00000144a8e6ee30]
Event: 1035.303 Thread 0x00000144bd085000 1726       3       java.io.Writer::write (11 bytes)
Event: 1035.303 Thread 0x00000144bd085000 nmethod 1726 0x00000144a8e6ef10 code [0x00000144a8e6f0e0, 0x00000144a8e6f410]
Event: 1035.303 Thread 0x00000144bcf25000 1727       4       java.lang.AbstractStringBuilder::append (45 bytes)

GC Heap History (2 events):
Event: 5.286 GC heap before
{Heap before GC invocations=0 (full 0):
 garbage-first heap   total 65536K, used 16384K [0x00000000c1600000, 0x0000000100000000)
  region size 1024K, 14 young (14336K), 0 survivors (0K)
 Metaspace       used 15534K, capacity 15954K, committed 16000K, reserved 1062912K
  class space    used 1690K, capacity 1900K, committed 1920K, reserved 1048576K
}
Event: 5.290 GC heap after
{Heap after GC invocations=1 (full 0):
 garbage-first heap   total 65536K, used 4344K [0x00000000c1600000, 0x0000000100000000)
  region size 1024K, 2 young (2048K), 2 survivors (2048K)
 Metaspace       used 15534K, capacity 15954K, committed 16000K, reserved 1062912K
  class space    used 1690K, capacity 1900K, committed 1920K, reserved 1048576K
}

Deoptimization events (5 events):
Event: 0.167 Thread 0x00000144a0176000 Uncommon trap: reason=unstable_if action=reinterpret pc=0x00000144b00544fc method=java.lang.String.hashCode()I @ 14 c2
Event: 0.396 Thread 0x00000144a0176000 Uncommon trap: reason=range_check action=reinterpret pc=0x00000144b0065c64 method=java.lang.StringLatin1.indexOf([BII)I @ 13 c2
Event: 5.296 Thread 0x00000144bd5cc800 Uncommon trap: reason=unstable_if action=reinterpret pc=0x00000144b00ae768 method=java.lang.ref.SoftReference.get()Ljava/lang/Object; @ 17 c2
Event: 5.303 Thread 0x00000144bcf23000 Uncommon trap: reason=unstable_if action=reinterpret pc=0x00000144b008f4cc method=java.lang.ref.ReferenceQueue.poll()Ljava/lang/ref/Reference; @ 4 c2
Event: 5.875 Thread 0x00000144bd5cc800 Uncommon trap: reason=unstable_if action=reinterpret pc=0x00000144b00ae094 method=sun.java2d.SunGraphics2D.setColor(Ljava/awt/Color;)V @ 35 c2

Classes redefined (0 events):
No events

Internal exceptions (10 events):
Event: 0.526 Thread 0x00000144a0176000 Exception <a 'java/lang/NoSuchMethodError'{0x00000000c51f3430}: java.lang.invoke.DirectMethodHandle$Holder.invokeSpecial(Ljava/lang/Object;Ljava/lang/Object;ILjava/lang/Object;Ljava/lang/Object;Ljava/lang/Object;)Ljava/lang/Object;> (0x00000000c51f3430) t
Event: 0.531 Thread 0x00000144a0176000 Exception <a 'java/lang/NoSuchMethodError'{0x00000000c500b1a8}: java.lang.invoke.DirectMethodHandle$Holder.invokeStatic(Ljava/lang/Object;ILjava/lang/Object;)Ljava/lang/Object;> (0x00000000c500b1a8) thrown at [./open/src/hotspot/share/interpreter/linkReso
Event: 0.558 Thread 0x00000144a0176000 Exception <a 'java/lang/ClassNotFoundException'{0x00000000c50b5a00}: com/sun/swing/internal/plaf/metal/resources/spi/metalProvider> (0x00000000c50b5a00) thrown at [./open/src/hotspot/share/classfile/systemDictionary.cpp, line 228]
Event: 0.559 Thread 0x00000144a0176000 Exception <a 'java/lang/ClassNotFoundException'{0x00000000c50b9768}: com/sun/swing/internal/plaf/basic/resources/spi/basicProvider> (0x00000000c50b9768) thrown at [./open/src/hotspot/share/classfile/systemDictionary.cpp, line 228]
Event: 0.772 Thread 0x00000144a0176000 Exception <a 'java/lang/NoSuchMethodError'{0x00000000c4e088e0}: java.lang.invoke.DirectMethodHandle$Holder.invokeStaticInit(Ljava/lang/Object;)V> (0x00000000c4e088e0) thrown at [./open/src/hotspot/share/interpreter/linkResolver.cpp, line 772]
Event: 0.863 Thread 0x00000144a0176000 Exception <a 'java/lang/NoSuchMethodError'{0x00000000c4d0f400}: java.lang.invoke.DirectMethodHandle$Holder.invokeStatic(Ljava/lang/Object;Ljava/lang/Object;Ljava/lang/Object;Ljava/lang/Object;Ljava/lang/Object;Ljava/lang/Object;Ljava/lang/Object;Ljava/lan
Event: 0.870 Thread 0x00000144a0176000 Exception <a 'java/lang/NoSuchMethodError'{0x00000000c4d2d600}: java.lang.invoke.DirectMethodHandle$Holder.invokeStatic(Ljava/lang/Object;Ljava/lang/Object;Ljava/lang/Object;Ljava/lang/Object;Ljava/lang/Object;Ljava/lang/Object;Ljava/lang/Object;Ljava/lan
Event: 0.890 Thread 0x00000144a0176000 Exception <a 'java/lang/NoSuchMethodError'{0x00000000c4d942d8}: java.lang.invoke.DirectMethodHandle$Holder.invokeStatic(Ljava/lang/Object;Ljava/lang/Object;Ljava/lang/Object;Ljava/lang/Object;Ljava/lang/Object;Ljava/lang/Object;Ljava/lang/Object;Ljava/lan
Event: 0.894 Thread 0x00000144a0176000 Exception <a 'java/lang/NoSuchMethodError'{0x00000000c4da0288}: java.lang.invoke.Invokers$Holder.linkToTargetMethod(Ljava/lang/Object;ILjava/lang/Object;)Ljava/lang/Object;> (0x00000000c4da0288) thrown at [./open/src/hotspot/share/interpreter/linkResolver
Event: 0.912 Thread 0x00000144a0176000 Exception <a 'java/lang/NoSuchMethodError'{0x00000000c4de9f90}: java.lang.invoke.DirectMethodHandle$Holder.invokeStatic(Ljava/lang/Object;Ljava/lang/Object;Ljava/lang/Object;Ljava/lang/Object;Ljava/lang/Object;Ljava/lang/Object;Ljava/lang/Object;Ljava/lan

Events (10 events):
Event: 8.950 Executing VM operation: RevokeBias
Event: 8.950 Executing VM operation: RevokeBias done
Event: 9.265 loading class java/awt/LightweightDispatcher$2
Event: 9.265 loading class java/awt/LightweightDispatcher$2 done
Event: 9.920 Executing VM operation: RevokeBias
Event: 9.920 Executing VM operation: RevokeBias done
Event: 9.920 loading class java/awt/KeyboardFocusManager$2
Event: 9.920 loading class java/awt/KeyboardFocusManager$2 done
Event: 9.920 loading class sun/awt/SunToolkit$1
Event: 9.920 loading class sun/awt/SunToolkit$1 done


Dynamic libraries:
0x00007ff7ab550000 - 0x00007ff7ab597000 	C:\Program Files\Java\jdk-11.0.7\bin\javaw.exe
0x00007ffe769c0000 - 0x00007ffe76bc9000 	C:\WINDOWS\SYSTEM32\ntdll.dll
0x00007ffe762f0000 - 0x00007ffe763ad000 	C:\WINDOWS\System32\KERNEL32.DLL
0x00007ffe74350000 - 0x00007ffe746cb000 	C:\WINDOWS\System32\KERNELBASE.dll
0x00007ffe76030000 - 0x00007ffe760de000 	C:\WINDOWS\System32\ADVAPI32.dll
0x00007ffe74ad0000 - 0x00007ffe74b73000 	C:\WINDOWS\System32\msvcrt.dll
0x00007ffe764d0000 - 0x00007ffe7656e000 	C:\WINDOWS\System32\sechost.dll
0x00007ffe76840000 - 0x00007ffe76960000 	C:\WINDOWS\System32\RPCRT4.dll
0x00007ffe76630000 - 0x00007ffe767dd000 	C:\WINDOWS\System32\USER32.dll
0x00007ffe741c0000 - 0x00007ffe741e6000 	C:\WINDOWS\System32\win32u.dll
0x00007ffe765f0000 - 0x00007ffe76619000 	C:\WINDOWS\System32\GDI32.dll
0x00007ffe73f80000 - 0x00007ffe74098000 	C:\WINDOWS\System32\gdi32full.dll
0x00007ffe741f0000 - 0x00007ffe7428d000 	C:\WINDOWS\System32\msvcp_win.dll
0x00007ffe740a0000 - 0x00007ffe741b1000 	C:\WINDOWS\System32\ucrtbase.dll
0x00007ffe59760000 - 0x00007ffe59a05000 	C:\WINDOWS\WinSxS\amd64_microsoft.windows.common-controls_6595b64144ccf1df_6.0.22000.120_none_9d947278b86cc467\COMCTL32.dll
0x00007ffe72bf0000 - 0x00007ffe72bfa000 	C:\WINDOWS\SYSTEM32\VERSION.dll
0x00007ffe761c0000 - 0x00007ffe761f1000 	C:\WINDOWS\System32\IMM32.DLL
0x00007ffe62080000 - 0x00007ffe62096000 	C:\Program Files\Java\jdk-11.0.7\bin\vcruntime140.dll
0x00007ffe48020000 - 0x00007ffe480ca000 	C:\Program Files\Java\jdk-11.0.7\bin\msvcp140.dll
0x00007ffdf5a20000 - 0x00007ffdf6581000 	C:\Program Files\Java\jdk-11.0.7\bin\server\jvm.dll
0x00007ffe76620000 - 0x00007ffe76628000 	C:\WINDOWS\System32\PSAPI.DLL
0x00007ffe70300000 - 0x00007ffe70309000 	C:\WINDOWS\SYSTEM32\WSOCK32.dll
0x00007ffe74a00000 - 0x00007ffe74a6f000 	C:\WINDOWS\System32\WS2_32.dll
0x00007ffe6d6a0000 - 0x00007ffe6d6d3000 	C:\WINDOWS\SYSTEM32\WINMM.dll
0x00007ffe72f10000 - 0x00007ffe72f28000 	C:\WINDOWS\SYSTEM32\kernel.appcore.dll
0x00007ffe702e0000 - 0x00007ffe702f1000 	C:\Program Files\Java\jdk-11.0.7\bin\verify.dll
0x00007ffe722d0000 - 0x00007ffe724f1000 	C:\WINDOWS\SYSTEM32\DBGHELP.DLL
0x00007ffe60a10000 - 0x00007ffe60a41000 	C:\WINDOWS\SYSTEM32\dbgcore.DLL
0x00007ffe73f00000 - 0x00007ffe73f7f000 	C:\WINDOWS\System32\bcryptPrimitives.dll
0x00007ffe702b0000 - 0x00007ffe702d9000 	C:\Program Files\Java\jdk-11.0.7\bin\java.dll
0x00007ffe702a0000 - 0x00007ffe702aa000 	C:\Program Files\Java\jdk-11.0.7\bin\jimage.dll
0x00007ffe70280000 - 0x00007ffe70296000 	C:\Program Files\Java\jdk-11.0.7\bin\zip.dll
0x00007ffe753a0000 - 0x00007ffe75b58000 	C:\WINDOWS\System32\SHELL32.dll
0x00007ffe71a50000 - 0x00007ffe722b5000 	C:\WINDOWS\SYSTEM32\windows.storage.dll
0x00007ffe75b60000 - 0x00007ffe75ed7000 	C:\WINDOWS\System32\combase.dll
0x00007ffe718e0000 - 0x00007ffe71a46000 	C:\WINDOWS\SYSTEM32\wintypes.dll
0x00007ffe76200000 - 0x00007ffe762ea000 	C:\WINDOWS\System32\SHCORE.dll
0x00007ffe767e0000 - 0x00007ffe7683d000 	C:\WINDOWS\System32\shlwapi.dll
0x00007ffe73dc0000 - 0x00007ffe73de1000 	C:\WINDOWS\SYSTEM32\profapi.dll
0x00007ffe320a0000 - 0x00007ffe3223f000 	C:\Program Files\Java\jdk-11.0.7\bin\awt.dll
0x00007ffe74ff0000 - 0x00007ffe750c6000 	C:\WINDOWS\System32\OLEAUT32.dll
0x00007ffe70390000 - 0x00007ffe70422000 	C:\WINDOWS\SYSTEM32\apphelp.dll
0x00007ffe71170000 - 0x00007ffe7119f000 	C:\WINDOWS\system32\DWMAPI.DLL
0x00007ffe70cf0000 - 0x00007ffe70d9c000 	C:\WINDOWS\system32\uxtheme.dll
0x00007ffe37140000 - 0x00007ffe37241000 	C:\WINDOWS\system32\opengl32.dll
0x00007ffe37680000 - 0x00007ffe376ad000 	C:\WINDOWS\SYSTEM32\GLU32.dll
0x00007ffe70eb0000 - 0x00007ffe70ee8000 	C:\WINDOWS\SYSTEM32\dxcore.dll
0x00007ffe763b0000 - 0x00007ffe764cd000 	C:\WINDOWS\System32\MSCTF.dll
0x00007ffe74840000 - 0x00007ffe749da000 	C:\WINDOWS\System32\ole32.dll
0x00007ffe68f20000 - 0x00007ffe68fa4000 	C:\Program Files\Java\jdk-11.0.7\bin\freetype.dll
0x00007ffe48a80000 - 0x00007ffe48b2b000 	C:\Program Files\Java\jdk-11.0.7\bin\fontmanager.dll
0x00007ffe70260000 - 0x00007ffe70279000 	C:\Program Files\Java\jdk-11.0.7\bin\net.dll
0x00007ffe6d7a0000 - 0x00007ffe6d8ac000 	C:\WINDOWS\SYSTEM32\WINHTTP.dll
0x00007ffe733b0000 - 0x00007ffe73417000 	C:\WINDOWS\system32\mswsock.dll
0x00007ffe6f2d0000 - 0x00007ffe6f2e3000 	C:\Program Files\Java\jdk-11.0.7\bin\nio.dll
0x00007ffe4f2f0000 - 0x00007ffe4f41d000 	C:\WINDOWS\SYSTEM32\textinputframework.dll
0x00007ffe6ffa0000 - 0x00007ffe700d1000 	C:\WINDOWS\SYSTEM32\CoreMessaging.dll
0x00007ffe6b3d0000 - 0x00007ffe6b73d000 	C:\WINDOWS\SYSTEM32\CoreUIComponents.dll
0x00007ffe73610000 - 0x00007ffe7361c000 	C:\WINDOWS\SYSTEM32\CRYPTBASE.DLL

dbghelp: loaded successfully - version: 4.0.5 - missing functions: none
symbol engine: initialized successfully - sym options: 0x614 - pdb path: .;C:\Program Files\Java\jdk-11.0.7\bin;C:\WINDOWS\SYSTEM32;C:\WINDOWS\WinSxS\amd64_microsoft.windows.common-controls_6595b64144ccf1df_6.0.22000.120_none_9d947278b86cc467;C:\Program Files\Java\jdk-11.0.7\bin\server

VM Arguments:
jvm_args: -Dfile.encoding=Cp1252 
java_command: Shapes
java_class_path (initial): C:\Users\esraa\eclipse-workspace\NetworkProjectMain\bin
Launcher Type: SUN_STANDARD

[Global flags]
     intx CICompilerCount                          = 3                                         {product} {ergonomic}
     uint ConcGCThreads                            = 1                                         {product} {ergonomic}
     uint G1ConcRefinementThreads                  = 4                                         {product} {ergonomic}
   size_t G1HeapRegionSize                         = 1048576                                   {product} {ergonomic}
    uintx GCDrainStackTargetSize                   = 64                                        {product} {ergonomic}
   size_t InitialHeapSize                          = 67108864                                  {product} {ergonomic}
   size_t MarkStackSize                            = 4194304                                   {product} {ergonomic}
   size_t MaxHeapSize                              = 1050673152                                {product} {ergonomic}
   size_t MaxNewSize                               = 630194176                                 {product} {ergonomic}
   size_t MinHeapDeltaBytes                        = 1048576                                   {product} {ergonomic}
    uintx NonNMethodCodeHeapSize                   = 5830732                                {pd product} {ergonomic}
    uintx NonProfiledCodeHeapSize                  = 122913754                              {pd product} {ergonomic}
    uintx ProfiledCodeHeapSize                     = 122913754                              {pd product} {ergonomic}
    uintx ReservedCodeCacheSize                    = 251658240                              {pd product} {ergonomic}
     bool SegmentedCodeCache                       = true                                      {product} {ergonomic}
     bool UseCompressedClassPointers               = true                                 {lp64_product} {ergonomic}
     bool UseCompressedOops                        = true                                 {lp64_product} {ergonomic}
     bool UseG1GC                                  = true                                      {product} {ergonomic}
     bool UseLargePagesIndividualAllocation        = false                                  {pd product} {ergonomic}

Logging:
Log output configuration:
 #0: stdout all=warning uptime,level,tags
 #1: stderr all=off uptime,level,tags

Environment Variables:
JRE_HOME=C:\Program Files\Java\jdk-18.0.2.1\bin
PATH=C:/Program Files/Java/jdk-11.0.7/bin/server;C:/Program Files/Java/jdk-11.0.7/bin;C:\Program Files\Common Files\Oracle\Java\javapath;C:\Python39\Scripts\;C:\Python39\;C:\oraclexe\app\oracle\product\11.2.0\server\bin;C:\Program Files (x86)\Common Files\Oracle\Java\javapath;C:\WINDOWS\system32;C:\WINDOWS;C:\WINDOWS\System32\Wbem;C:\WINDOWS\System32\WindowsPowerShell\v1.0\;C:\WINDOWS\System32\OpenSSH\;C:\Program Files (x86)\Intel\Intel(R) Management Engine Components\DAL;C:\Program Files\Intel\Intel(R) Management Engine Components\DAL;C:\Program Files (x86)\Intel\Intel(R) Management Engine Components\IPT;C:\Program Files\Intel\Intel(R) Management Engine Components\IPT;C:\Program Files\PuTTY\;C:\Program Files\Java\jre1.8.0_241\bin;C:\Program Files\Java\jdk-11.0.1;C:\Program Files\apache-maven-3.6.3\bin;C:\oracle_odbc;C:\ProgramData\chocolatey\bin;C:\Program Files (x86)\dotnet\;C:\Program Files\Microsoft SQL Server\Client SDK\ODBC\170\Tools\Binn\;C:\Program Files (x86)\Microsoft SQL Server\150\Tools\Binn\;C:\Program Files\Microsoft SQL Server\150\Tools\Binn\;C:\Program Files\Microsoft SQL Server\150\DTS\Binn\;C:\Program Files\Azure Data Studio\bin;C:\Program Files\Git\cmd;C:\Users\esraa\AppData\Local\Microsoft\WindowsApps;C:\Program Files\MongoDB\Server\4.2\bin;C:\Program Files\Java\jdk-18.0.2.1\bin;C:\Program Files\Java\jre1.8.0_241\bin;C:\Program Files\Neo4j Desktop;C:\Users\esraa\AppData\Local\atom\bin;C:\Program Files\Azure Data Studio\bin;C:\Users\esraa\AppData\Local\Microsoft\WindowsApps;C:\Program Files\Vim\vim82;C:\Users\esraa\AppData\Local\GitHubDesktop\bin;C:\WINDOWS\system32;
USERNAME=esraa
OS=Windows_NT
PROCESSOR_IDENTIFIER=Intel64 Family 6 Model 142 Stepping 10, GenuineIntel



---------------  S Y S T E M  ---------------

OS: Windows 10 , 64 bit Build 22000 (10.0.22000.708)

CPU:total 4 (initial active 4) (2 cores per cpu, 2 threads per core) family 6 model 142 stepping 10, cmov, cx8, fxsr, mmx, sse, sse2, sse3, ssse3, sse4.1, sse4.2, popcnt, avx, avx2, aes, clmul, erms, 3dnowpref, lzcnt, ht, tsc, tscinvbit, bmi1, bmi2, adx, fma

Memory: 4k page, system-wide physical 4007M (290M free)
TotalPageFile size 16295M (AvailPageFile size 0M)
current process WorkingSet (physical memory assigned to process): 13M, peak: 84M
current process commit charge ("private bytes"): 145M, peak: 160M

vm_info: Java HotSpot(TM) 64-Bit Server VM (11.0.7+8-LTS) for windows-amd64 JRE (11.0.7+8-LTS), built on Mar 12 2020 02:04:32 by "mach5one" with MS VC++ 15.5 (VS2017)

END.
