#
# There is insufficient memory for the Java Runtime Environment to continue.
# Native memory allocation (malloc) failed to allocate 62016 bytes for Chunk::new
# Possible reasons:
#   The system is out of physical RAM or swap space
#   The process is running with CompressedOops enabled, and the Java Heap may be blocking the growth of the native heap
# Possible solutions:
#   Reduce memory load on the system
#   Increase physical memory or swap space
#   Check if swap backing store is full
#   Decrease Java heap size (-Xmx/-Xms)
#   Decrease number of Java threads
#   Decrease Java thread stack sizes (-Xss)
#   Set larger code cache with -XX:ReservedCodeCacheSize=
#   JVM is running with Unscaled Compressed Oops mode in which the Java heap is
#     placed in the first 4GB address space. The Java Heap base address is the
#     maximum limit for the native heap growth. Please use -XX:HeapBaseMinAddress
#     to set the Java Heap base and to place the Java Heap above 4GB virtual address.
# This output file may be truncated or incomplete.
#
#  Out of Memory Error (./open/src/hotspot/share/memory/arena.cpp:197), pid=14996, tid=15076
#
# JRE version: Java(TM) SE Runtime Environment 18.9 (11.0.7+8) (build 11.0.7+8-LTS)
# Java VM: Java HotSpot(TM) 64-Bit Server VM 18.9 (11.0.7+8-LTS, mixed mode, tiered, compressed oops, g1 gc, windows-amd64)
# No core dump will be written. Minidumps are not enabled by default on client versions of Windows
#

---------------  S U M M A R Y ------------

Command Line: -Dfile.encoding=Cp1252 Shapes

Host: Intel(R) Core(TM) i3-8130U CPU @ 2.20GHz, 4 cores, 3G,  Windows 10 , 64 bit Build 22000 (10.0.22000.708)
Time: Sun Oct 16 20:28:20 2022 Eastern Daylight Time elapsed time: 1656 seconds (0d 0h 27m 36s)

---------------  T H R E A D  ---------------

Current thread (0x00000122ffd75000):  JavaThread "C2 CompilerThread0" daemon [_thread_in_native, id=15076, stack(0x000000068e800000,0x000000068e900000)]


Current CompileTask:
C2:1656103 1905       4       java.lang.StringBuilder::append (8 bytes)

Stack: [0x000000068e800000,0x000000068e900000]
Native frames: (J=compiled Java code, j=interpreted, Vv=VM code, C=native code)
V  [jvm.dll+0x661a7a]
V  [jvm.dll+0x7a1b2f]
V  [jvm.dll+0x7a31d5]
V  [jvm.dll+0x7a3843]
V  [jvm.dll+0x25f1a8]
V  [jvm.dll+0xc2441]
V  [jvm.dll+0xc29cc]
V  [jvm.dll+0x2d0f84]
V  [jvm.dll+0x57d74f]
V  [jvm.dll+0x21a83f]
V  [jvm.dll+0x217766]
V  [jvm.dll+0x19407c]
V  [jvm.dll+0x226c74]
V  [jvm.dll+0x224e98]
V  [jvm.dll+0x765e25]
V  [jvm.dll+0x75e875]
V  [jvm.dll+0x660b26]
C  [ucrtbase.dll+0x26c0c]
C  [KERNEL32.DLL+0x154e0]
C  [ntdll.dll+0x485b]


---------------  P R O C E S S  ---------------

Threads class SMR info:
_java_thread_list=0x00000122811bca50, length=14, elements={
0x00000122e3756000, 0x00000122ffd01000, 0x00000122ffd0a000, 0x00000122ffd6f800,
0x00000122ffd73000, 0x00000122ffd75000, 0x000001228082e000, 0x0000012280843000,
0x0000012280922800, 0x0000012280929800, 0x0000012280c53800, 0x0000012280c54800,
0x0000012280c41800, 0x00000122813cf000
}

Java Threads: ( => current thread )
  0x00000122e3756000 JavaThread "main" [_thread_blocked, id=15028, stack(0x000000068dd00000,0x000000068de00000)]
  0x00000122ffd01000 JavaThread "Reference Handler" daemon [_thread_blocked, id=15060, stack(0x000000068e400000,0x000000068e500000)]
  0x00000122ffd0a000 JavaThread "Finalizer" daemon [_thread_blocked, id=15064, stack(0x000000068e500000,0x000000068e600000)]
  0x00000122ffd6f800 JavaThread "Signal Dispatcher" daemon [_thread_blocked, id=15068, stack(0x000000068e600000,0x000000068e700000)]
  0x00000122ffd73000 JavaThread "Attach Listener" daemon [_thread_blocked, id=15072, stack(0x000000068e700000,0x000000068e800000)]
=>0x00000122ffd75000 JavaThread "C2 CompilerThread0" daemon [_thread_in_native, id=15076, stack(0x000000068e800000,0x000000068e900000)]
  0x000001228082e000 JavaThread "C1 CompilerThread0" daemon [_thread_blocked, id=15080, stack(0x000000068e900000,0x000000068ea00000)]
  0x0000012280843000 JavaThread "Sweeper thread" daemon [_thread_blocked, id=15084, stack(0x000000068ea00000,0x000000068eb00000)]
  0x0000012280922800 JavaThread "Service Thread" daemon [_thread_blocked, id=15088, stack(0x000000068eb00000,0x000000068ec00000)]
  0x0000012280929800 JavaThread "Common-Cleaner" daemon [_thread_blocked, id=15096, stack(0x000000068ed00000,0x000000068ee00000)]
  0x0000012280c53800 JavaThread "Java2D Disposer" daemon [_thread_blocked, id=15100, stack(0x000000068ee00000,0x000000068ef00000)]
  0x0000012280c54800 JavaThread "AWT-Shutdown" [_thread_blocked, id=15104, stack(0x000000068ef00000,0x000000068f000000)]
  0x0000012280c41800 JavaThread "AWT-Windows" daemon [_thread_in_native, id=15108, stack(0x000000068f000000,0x000000068f100000)]
  0x00000122813cf000 JavaThread "AWT-EventQueue-0" [_thread_blocked, id=15128, stack(0x000000068f200000,0x000000068f300000)]

Other Threads:
  0x00000122ffcdc000 VMThread "VM Thread" [stack: 0x000000068e300000,0x000000068e400000] [id=15056]
  0x0000012280928800 WatcherThread [stack: 0x000000068ec00000,0x000000068ed00000] [id=15092]
  0x00000122e376f800 GCTaskThread "GC Thread#0" [stack: 0x000000068de00000,0x000000068df00000] [id=15032]
  0x0000012280dd4800 GCTaskThread "GC Thread#1" [stack: 0x000000068f100000,0x000000068f200000] [id=15152]
  0x0000012280dd5000 GCTaskThread "GC Thread#2" [stack: 0x000000068f300000,0x000000068f400000] [id=15156]
  0x0000012281f61000 GCTaskThread "GC Thread#3" [stack: 0x000000068f400000,0x000000068f500000] [id=15160]
  0x00000122e3788800 ConcurrentGCThread "G1 Main Marker" [stack: 0x000000068df00000,0x000000068e000000] [id=15036]
  0x00000122e378a800 ConcurrentGCThread "G1 Conc#0" [stack: 0x000000068e000000,0x000000068e100000] [id=15040]
  0x00000122e37e2000 ConcurrentGCThread "G1 Refine#0" [stack: 0x000000068e100000,0x000000068e200000] [id=15044]
  0x00000122e37e3000 ConcurrentGCThread "G1 Young RemSet Sampling" [stack: 0x000000068e200000,0x000000068e300000] [id=15048]

Threads with active compile tasks:
C2 CompilerThread01905       4       java.lang.StringBuilder::append (8 bytes)

VM state:not at safepoint (normal execution)

VM Mutex/Monitor currently owned by a thread: None

Heap address: 0x00000000c1600000, size: 1002 MB, Compressed Oops mode: 32-bit
Narrow klass base: 0x0000000000000000, Narrow klass shift: 3
Compressed class space size: 1073741824 Address: 0x0000000100000000

Heap:
 garbage-first heap   total 65536K, used 9511K [0x00000000c1600000, 0x0000000100000000)
  region size 1024K, 6 young (6144K), 1 survivors (1024K)
 Metaspace       used 16495K, capacity 16936K, committed 17152K, reserved 1064960K
  class space    used 1763K, capacity 1970K, committed 2048K, reserved 1048576K
Heap Regions: E=young(eden), S=young(survivor), O=old, HS=humongous(starts), HC=humongous(continues), CS=collection set, F=free, A=archive, TAMS=top-at-mark-start (previous, next)
|   0|0x00000000c1600000, 0x00000000c1700000, 0x00000000c1700000|100%|HS|  |TAMS 0x00000000c1600000, 0x00000000c1600000| Complete 
|   1|0x00000000c1700000, 0x00000000c1800000, 0x00000000c1800000|100%|HC|  |TAMS 0x00000000c1700000, 0x00000000c1700000| Complete 
|   2|0x00000000c1800000, 0x00000000c1900000, 0x00000000c1900000|100%| O|  |TAMS 0x00000000c1800000, 0x00000000c1800000| Untracked 
|   3|0x00000000c1900000, 0x00000000c1a00000, 0x00000000c1a00000|100%| O|  |TAMS 0x00000000c1900000, 0x00000000c1900000| Untracked 
|   4|0x00000000c1a00000, 0x00000000c1af7600, 0x00000000c1b00000| 96%| O|  |TAMS 0x00000000c1a00000, 0x00000000c1a00000| Untracked 
|   5|0x00000000c1b00000, 0x00000000c1b00000, 0x00000000c1c00000|  0%| F|  |TAMS 0x00000000c1b00000, 0x00000000c1b00000| Untracked 
|   6|0x00000000c1c00000, 0x00000000c1c00000, 0x00000000c1d00000|  0%| F|  |TAMS 0x00000000c1c00000, 0x00000000c1c00000| Untracked 
|   7|0x00000000c1d00000, 0x00000000c1d00000, 0x00000000c1e00000|  0%| F|  |TAMS 0x00000000c1d00000, 0x00000000c1d00000| Untracked 
|   8|0x00000000c1e00000, 0x00000000c1e00000, 0x00000000c1f00000|  0%| F|  |TAMS 0x00000000c1e00000, 0x00000000c1e00000| Untracked 
|   9|0x00000000c1f00000, 0x00000000c1f00000, 0x00000000c2000000|  0%| F|  |TAMS 0x00000000c1f00000, 0x00000000c1f00000| Untracked 
|  10|0x00000000c2000000, 0x00000000c2000000, 0x00000000c2100000|  0%| F|  |TAMS 0x00000000c2000000, 0x00000000c2000000| Untracked 
|  11|0x00000000c2100000, 0x00000000c2100000, 0x00000000c2200000|  0%| F|  |TAMS 0x00000000c2100000, 0x00000000c2100000| Untracked 
|  12|0x00000000c2200000, 0x00000000c2200000, 0x00000000c2300000|  0%| F|  |TAMS 0x00000000c2200000, 0x00000000c2200000| Untracked 
|  13|0x00000000c2300000, 0x00000000c2300000, 0x00000000c2400000|  0%| F|  |TAMS 0x00000000c2300000, 0x00000000c2300000| Untracked 
|  14|0x00000000c2400000, 0x00000000c2400000, 0x00000000c2500000|  0%| F|  |TAMS 0x00000000c2400000, 0x00000000c2400000| Untracked 
|  15|0x00000000c2500000, 0x00000000c2500000, 0x00000000c2600000|  0%| F|  |TAMS 0x00000000c2500000, 0x00000000c2500000| Untracked 
|  16|0x00000000c2600000, 0x00000000c2600000, 0x00000000c2700000|  0%| F|  |TAMS 0x00000000c2600000, 0x00000000c2600000| Untracked 
|  17|0x00000000c2700000, 0x00000000c2700000, 0x00000000c2800000|  0%| F|  |TAMS 0x00000000c2700000, 0x00000000c2700000| Untracked 
|  18|0x00000000c2800000, 0x00000000c2800000, 0x00000000c2900000|  0%| F|  |TAMS 0x00000000c2800000, 0x00000000c2800000| Untracked 
|  19|0x00000000c2900000, 0x00000000c2900000, 0x00000000c2a00000|  0%| F|  |TAMS 0x00000000c2900000, 0x00000000c2900000| Untracked 
|  20|0x00000000c2a00000, 0x00000000c2a00000, 0x00000000c2b00000|  0%| F|  |TAMS 0x00000000c2a00000, 0x00000000c2a00000| Untracked 
|  21|0x00000000c2b00000, 0x00000000c2b00000, 0x00000000c2c00000|  0%| F|  |TAMS 0x00000000c2b00000, 0x00000000c2b00000| Untracked 
|  22|0x00000000c2c00000, 0x00000000c2c00000, 0x00000000c2d00000|  0%| F|  |TAMS 0x00000000c2c00000, 0x00000000c2c00000| Untracked 
|  23|0x00000000c2d00000, 0x00000000c2d00000, 0x00000000c2e00000|  0%| F|  |TAMS 0x00000000c2d00000, 0x00000000c2d00000| Untracked 
|  24|0x00000000c2e00000, 0x00000000c2e00000, 0x00000000c2f00000|  0%| F|  |TAMS 0x00000000c2e00000, 0x00000000c2e00000| Untracked 
|  25|0x00000000c2f00000, 0x00000000c2f00000, 0x00000000c3000000|  0%| F|  |TAMS 0x00000000c2f00000, 0x00000000c2f00000| Untracked 
|  26|0x00000000c3000000, 0x00000000c3000000, 0x00000000c3100000|  0%| F|  |TAMS 0x00000000c3000000, 0x00000000c3000000| Untracked 
|  27|0x00000000c3100000, 0x00000000c3100000, 0x00000000c3200000|  0%| F|  |TAMS 0x00000000c3100000, 0x00000000c3100000| Untracked 
|  28|0x00000000c3200000, 0x00000000c3200000, 0x00000000c3300000|  0%| F|  |TAMS 0x00000000c3200000, 0x00000000c3200000| Untracked 
|  29|0x00000000c3300000, 0x00000000c3300000, 0x00000000c3400000|  0%| F|  |TAMS 0x00000000c3300000, 0x00000000c3300000| Untracked 
|  30|0x00000000c3400000, 0x00000000c3400000, 0x00000000c3500000|  0%| F|  |TAMS 0x00000000c3400000, 0x00000000c3400000| Untracked 
|  31|0x00000000c3500000, 0x00000000c3500000, 0x00000000c3600000|  0%| F|  |TAMS 0x00000000c3500000, 0x00000000c3500000| Untracked 
|  32|0x00000000c3600000, 0x00000000c3600000, 0x00000000c3700000|  0%| F|  |TAMS 0x00000000c3600000, 0x00000000c3600000| Untracked 
|  33|0x00000000c3700000, 0x00000000c3700000, 0x00000000c3800000|  0%| F|  |TAMS 0x00000000c3700000, 0x00000000c3700000| Untracked 
|  34|0x00000000c3800000, 0x00000000c3800000, 0x00000000c3900000|  0%| F|  |TAMS 0x00000000c3800000, 0x00000000c3800000| Untracked 
|  35|0x00000000c3900000, 0x00000000c3900000, 0x00000000c3a00000|  0%| F|  |TAMS 0x00000000c3900000, 0x00000000c3900000| Untracked 
|  36|0x00000000c3a00000, 0x00000000c3a00000, 0x00000000c3b00000|  0%| F|  |TAMS 0x00000000c3a00000, 0x00000000c3a00000| Untracked 
|  37|0x00000000c3b00000, 0x00000000c3b00000, 0x00000000c3c00000|  0%| F|  |TAMS 0x00000000c3b00000, 0x00000000c3b00000| Untracked 
|  38|0x00000000c3c00000, 0x00000000c3c00000, 0x00000000c3d00000|  0%| F|  |TAMS 0x00000000c3c00000, 0x00000000c3c00000| Untracked 
|  39|0x00000000c3d00000, 0x00000000c3d00000, 0x00000000c3e00000|  0%| F|  |TAMS 0x00000000c3d00000, 0x00000000c3d00000| Untracked 
|  40|0x00000000c3e00000, 0x00000000c3e00000, 0x00000000c3f00000|  0%| F|  |TAMS 0x00000000c3e00000, 0x00000000c3e00000| Untracked 
|  41|0x00000000c3f00000, 0x00000000c3f00000, 0x00000000c4000000|  0%| F|  |TAMS 0x00000000c3f00000, 0x00000000c3f00000| Untracked 
|  42|0x00000000c4000000, 0x00000000c4000000, 0x00000000c4100000|  0%| F|  |TAMS 0x00000000c4000000, 0x00000000c4000000| Untracked 
|  43|0x00000000c4100000, 0x00000000c4100000, 0x00000000c4200000|  0%| F|  |TAMS 0x00000000c4100000, 0x00000000c4100000| Untracked 
|  44|0x00000000c4200000, 0x00000000c4200000, 0x00000000c4300000|  0%| F|  |TAMS 0x00000000c4200000, 0x00000000c4200000| Untracked 
|  45|0x00000000c4300000, 0x00000000c4300000, 0x00000000c4400000|  0%| F|  |TAMS 0x00000000c4300000, 0x00000000c4300000| Untracked 
|  46|0x00000000c4400000, 0x00000000c4400000, 0x00000000c4500000|  0%| F|  |TAMS 0x00000000c4400000, 0x00000000c4400000| Untracked 
|  47|0x00000000c4500000, 0x00000000c4500000, 0x00000000c4600000|  0%| F|  |TAMS 0x00000000c4500000, 0x00000000c4500000| Untracked 
|  48|0x00000000c4600000, 0x00000000c4600000, 0x00000000c4700000|  0%| F|  |TAMS 0x00000000c4600000, 0x00000000c4600000| Untracked 
|  49|0x00000000c4700000, 0x00000000c4700000, 0x00000000c4800000|  0%| F|  |TAMS 0x00000000c4700000, 0x00000000c4700000| Untracked 
|  50|0x00000000c4800000, 0x00000000c4800000, 0x00000000c4900000|  0%| F|  |TAMS 0x00000000c4800000, 0x00000000c4800000| Untracked 
|  51|0x00000000c4900000, 0x00000000c4900000, 0x00000000c4a00000|  0%| F|  |TAMS 0x00000000c4900000, 0x00000000c4900000| Untracked 
|  52|0x00000000c4a00000, 0x00000000c4a00000, 0x00000000c4b00000|  0%| F|  |TAMS 0x00000000c4a00000, 0x00000000c4a00000| Untracked 
|  53|0x00000000c4b00000, 0x00000000c4b00000, 0x00000000c4c00000|  0%| F|  |TAMS 0x00000000c4b00000, 0x00000000c4b00000| Untracked 
|  54|0x00000000c4c00000, 0x00000000c4c00000, 0x00000000c4d00000|  0%| F|  |TAMS 0x00000000c4c00000, 0x00000000c4c00000| Untracked 
|  55|0x00000000c4d00000, 0x00000000c4d00000, 0x00000000c4e00000|  0%| F|  |TAMS 0x00000000c4d00000, 0x00000000c4d00000| Untracked 
|  56|0x00000000c4e00000, 0x00000000c4e529c0, 0x00000000c4f00000| 32%| S|CS|TAMS 0x00000000c4e00000, 0x00000000c4e00000| Complete 
|  57|0x00000000c4f00000, 0x00000000c4f00000, 0x00000000c5000000|  0%| F|  |TAMS 0x00000000c4f00000, 0x00000000c4f00000| Untracked 
|  58|0x00000000c5000000, 0x00000000c5000000, 0x00000000c5100000|  0%| F|  |TAMS 0x00000000c5000000, 0x00000000c5000000| Untracked 
|  59|0x00000000c5100000, 0x00000000c513e390, 0x00000000c5200000| 24%| E|  |TAMS 0x00000000c5100000, 0x00000000c5100000| Complete 
|  60|0x00000000c5200000, 0x00000000c5300000, 0x00000000c5300000|100%| E|CS|TAMS 0x00000000c5200000, 0x00000000c5200000| Complete 
|  61|0x00000000c5300000, 0x00000000c5400000, 0x00000000c5400000|100%| E|CS|TAMS 0x00000000c5300000, 0x00000000c5300000| Complete 
|  62|0x00000000c5400000, 0x00000000c5500000, 0x00000000c5500000|100%| E|CS|TAMS 0x00000000c5400000, 0x00000000c5400000| Complete 
|  63|0x00000000c5500000, 0x00000000c5600000, 0x00000000c5600000|100%| E|CS|TAMS 0x00000000c5500000, 0x00000000c5500000| Complete 

Card table byte_map: [0x00000122fb3d0000,0x00000122fb5d0000] _byte_map_base: 0x00000122fadc5000

Marking Bits (Prev, Next): (CMBitMap*) 0x00000122e3783ba8, (CMBitMap*) 0x00000122e3783be0
 Prev Bits: [0x00000122fb7d0000, 0x00000122fc778000)
 Next Bits: [0x00000122fc780000, 0x00000122fd728000)

Polling page: 0x00000122ebb70000

Metaspace:

Usage:
  Non-class:     14.62 MB capacity,    14.39 MB ( 98%) used,   189.70 KB (  1%) free+waste,    44.00 KB ( <1%) overhead. 
      Class:      1.92 MB capacity,     1.72 MB ( 90%) used,   183.39 KB (  9%) free+waste,    23.25 KB (  1%) overhead. 
       Both:     16.54 MB capacity,    16.11 MB ( 97%) used,   373.09 KB (  2%) free+waste,    67.25 KB ( <1%) overhead. 

Virtual space:
  Non-class space:       16.00 MB reserved,      14.75 MB ( 92%) committed 
      Class space:        1.00 GB reserved,       2.00 MB ( <1%) committed 
             Both:        1.02 GB reserved,      16.75 MB (  2%) committed 

Chunk freelists:
   Non-Class:  1.25 KB
       Class:  1.75 KB
        Both:  3.00 KB

CodeHeap 'non-profiled nmethods': size=120064Kb used=691Kb max_used=691Kb free=119372Kb
 bounds [0x00000122f3650000, 0x00000122f38c0000, 0x00000122fab90000]
CodeHeap 'profiled nmethods': size=120000Kb used=3729Kb max_used=3729Kb free=116270Kb
 bounds [0x00000122ec120000, 0x00000122ec4d0000, 0x00000122f3650000]
CodeHeap 'non-nmethods': size=5696Kb used=1207Kb max_used=1246Kb free=4488Kb
 bounds [0x00000122ebb90000, 0x00000122ebe00000, 0x00000122ec120000]
 total_blobs=2912 nmethods=1904 adapters=478
 compilation: enabled
              stopped_count=0, restarted_count=0
 full_count=0

Compilation events (10 events):
Event: 1656.002 Thread 0x000001228082e000 nmethod 1900 0x00000122ec4c2090 code [0x00000122ec4c2240, 0x00000122ec4c24b0]
Event: 1656.002 Thread 0x000001228082e000 1902   !   3       java.io.BufferedWriter::write (117 bytes)
Event: 1656.024 Thread 0x000001228082e000 nmethod 1902 0x00000122ec4c2590 code [0x00000122ec4c27a0, 0x00000122ec4c2eb0]
Event: 1656.024 Thread 0x000001228082e000 1904       3       java.util.concurrent.ConcurrentHashMap$EntryIterator::next (51 bytes)
Event: 1656.025 Thread 0x00000122ffd75000 1905       4       java.lang.StringBuilder::append (8 bytes)
Event: 1656.059 Thread 0x000001228082e000 nmethod 1904 0x00000122ec4c3210 code [0x00000122ec4c3400, 0x00000122ec4c3900]
Event: 1656.059 Thread 0x000001228082e000 1901       3       java.io.Writer::write (11 bytes)
Event: 1656.059 Thread 0x000001228082e000 nmethod 1901 0x00000122ec4c3a90 code [0x00000122ec4c3c60, 0x00000122ec4c3f90]
Event: 1656.059 Thread 0x000001228082e000 1903       3       java.util.concurrent.ConcurrentHashMap$MapEntry::<init> (20 bytes)
Event: 1656.059 Thread 0x000001228082e000 nmethod 1903 0x00000122ec4c4110 code [0x00000122ec4c42c0, 0x00000122ec4c4598]

GC Heap History (4 events):
Event: 3.058 GC heap before
{Heap before GC invocations=0 (full 0):
 garbage-first heap   total 65536K, used 16384K [0x00000000c1600000, 0x0000000100000000)
  region size 1024K, 14 young (14336K), 0 survivors (0K)
 Metaspace       used 16226K, capacity 16611K, committed 16896K, reserved 1064960K
  class space    used 1757K, capacity 1970K, committed 2048K, reserved 1048576K
}
Event: 3.063 GC heap after
{Heap after GC invocations=1 (full 0):
 garbage-first heap   total 65536K, used 5055K [0x00000000c1600000, 0x0000000100000000)
  region size 1024K, 2 young (2048K), 2 survivors (2048K)
 Metaspace       used 16226K, capacity 16611K, committed 16896K, reserved 1064960K
  class space    used 1757K, capacity 1970K, committed 2048K, reserved 1048576K
}
Event: 5.465 GC heap before
{Heap before GC invocations=1 (full 0):
 garbage-first heap   total 65536K, used 12223K [0x00000000c1600000, 0x0000000100000000)
  region size 1024K, 9 young (9216K), 2 survivors (2048K)
 Metaspace       used 16384K, capacity 16808K, committed 16896K, reserved 1064960K
  class space    used 1757K, capacity 1970K, committed 2048K, reserved 1048576K
}
Event: 5.477 GC heap after
{Heap after GC invocations=2 (full 0):
 garbage-first heap   total 65536K, used 5415K [0x00000000c1600000, 0x0000000100000000)
  region size 1024K, 1 young (1024K), 1 survivors (1024K)
 Metaspace       used 16384K, capacity 16808K, committed 16896K, reserved 1064960K
  class space    used 1757K, capacity 1970K, committed 2048K, reserved 1048576K
}

Deoptimization events (7 events):
Event: 0.308 Thread 0x00000122e3756000 Uncommon trap: reason=unstable_if action=reinterpret pc=0x00000122f3654510 method=java.lang.String.hashCode()I @ 14 c2
Event: 0.444 Thread 0x00000122e3756000 Uncommon trap: reason=range_check action=reinterpret pc=0x00000122f3665ae4 method=java.lang.StringLatin1.indexOf([BII)I @ 13 c2
Event: 0.809 Thread 0x0000012280c41800 Uncommon trap: reason=unstable_if action=reinterpret pc=0x00000122f367b1e0 method=java.util.HashMap.putVal(ILjava/lang/Object;Ljava/lang/Object;ZZ)Ljava/lang/Object; @ 181 c2
Event: 3.064 Thread 0x00000122813cf000 Uncommon trap: reason=unstable_if action=reinterpret pc=0x00000122f36cc2e8 method=java.lang.ref.SoftReference.get()Ljava/lang/Object; @ 17 c2
Event: 5.809 Thread 0x00000122813cf000 Uncommon trap: reason=null_check action=make_not_entrant pc=0x00000122f36bd8f8 method=sun.java2d.pipe.AlphaPaintPipe.renderPathTile(Ljava/lang/Object;[BIIIIII)V @ 57 c2
Event: 6.423 Thread 0x00000122813cf000 Uncommon trap: reason=unstable_if action=reinterpret pc=0x00000122f36d46e8 method=java.awt.geom.AffineTransform.translate(DD)V @ 491 c2
Event: 6.423 Thread 0x00000122813cf000 Uncommon trap: reason=unstable_if action=reinterpret pc=0x00000122f36c5cb4 method=javax.swing.JComponent.getClientProperty(Ljava/lang/Object;)Ljava/lang/Object; @ 28 c2

Classes redefined (0 events):
No events

Internal exceptions (10 events):
Event: 0.654 Thread 0x00000122e3756000 Exception <a 'java/lang/NoSuchMethodError'{0x00000000c500b968}: java.lang.invoke.DirectMethodHandle$Holder.invokeStatic(Ljava/lang/Object;ILjava/lang/Object;)Ljava/lang/Object;> (0x00000000c500b968) thrown at [./open/src/hotspot/share/interpreter/linkReso
Event: 0.709 Thread 0x00000122e3756000 Exception <a 'java/lang/ClassNotFoundException'{0x00000000c4f6e538}: com/sun/swing/internal/plaf/metal/resources/spi/metalProvider> (0x00000000c4f6e538) thrown at [./open/src/hotspot/share/classfile/systemDictionary.cpp, line 228]
Event: 0.710 Thread 0x00000122e3756000 Exception <a 'java/lang/ClassNotFoundException'{0x00000000c4f722a0}: com/sun/swing/internal/plaf/basic/resources/spi/basicProvider> (0x00000000c4f722a0) thrown at [./open/src/hotspot/share/classfile/systemDictionary.cpp, line 228]
Event: 0.840 Thread 0x00000122e3756000 Exception <a 'java/lang/NoSuchMethodError'{0x00000000c4ec1520}: java.lang.invoke.DirectMethodHandle$Holder.invokeStaticInit(Ljava/lang/Object;)V> (0x00000000c4ec1520) thrown at [./open/src/hotspot/share/interpreter/linkResolver.cpp, line 772]
Event: 0.892 Thread 0x00000122e3756000 Exception <a 'java/lang/NoSuchMethodError'{0x00000000c4dc7438}: java.lang.invoke.DirectMethodHandle$Holder.invokeStatic(Ljava/lang/Object;Ljava/lang/Object;Ljava/lang/Object;Ljava/lang/Object;Ljava/lang/Object;Ljava/lang/Object;Ljava/lang/Object;Ljava/lan
Event: 0.895 Thread 0x00000122e3756000 Exception <a 'java/lang/NoSuchMethodError'{0x00000000c4de5898}: java.lang.invoke.DirectMethodHandle$Holder.invokeStatic(Ljava/lang/Object;Ljava/lang/Object;Ljava/lang/Object;Ljava/lang/Object;Ljava/lang/Object;Ljava/lang/Object;Ljava/lang/Object;Ljava/lan
Event: 0.901 Thread 0x00000122e3756000 Exception <a 'java/lang/NoSuchMethodError'{0x00000000c4c05390}: java.lang.invoke.DirectMethodHandle$Holder.invokeStatic(Ljava/lang/Object;Ljava/lang/Object;Ljava/lang/Object;Ljava/lang/Object;Ljava/lang/Object;Ljava/lang/Object;Ljava/lang/Object;Ljava/lan
Event: 0.903 Thread 0x00000122e3756000 Exception <a 'java/lang/NoSuchMethodError'{0x00000000c4c11340}: java.lang.invoke.Invokers$Holder.linkToTargetMethod(Ljava/lang/Object;ILjava/lang/Object;)Ljava/lang/Object;> (0x00000000c4c11340) thrown at [./open/src/hotspot/share/interpreter/linkResolver
Event: 0.917 Thread 0x00000122e3756000 Exception <a 'java/lang/NoSuchMethodError'{0x00000000c4c5b010}: java.lang.invoke.DirectMethodHandle$Holder.invokeStatic(Ljava/lang/Object;Ljava/lang/Object;Ljava/lang/Object;Ljava/lang/Object;Ljava/lang/Object;Ljava/lang/Object;Ljava/lang/Object;Ljava/lan
Event: 5.809 Thread 0x00000122813cf000 Implicit null exception at 0x00000122f36b84a1 to 0x00000122f36bd8c2

Events (10 events):
Event: 1095.775 Thread 0x00000122e3756000 DEOPT PACKING pc=0x00000122ec4baca2 sp=0x000000068ddff5c0
Event: 1095.778 Thread 0x00000122e3756000 DEOPT UNPACKING pc=0x00000122ebbb8d4e sp=0x000000068ddfeb20 mode 0
Event: 1224.256 Thread 0x00000122e3756000 DEOPT PACKING pc=0x00000122ec4baca2 sp=0x000000068ddff5c0
Event: 1224.257 Thread 0x00000122e3756000 DEOPT UNPACKING pc=0x00000122ebbb8d4e sp=0x000000068ddfeb20 mode 0
Event: 1354.578 Thread 0x00000122e3756000 DEOPT PACKING pc=0x00000122ec4baca2 sp=0x000000068ddff5c0
Event: 1354.578 Thread 0x00000122e3756000 DEOPT UNPACKING pc=0x00000122ebbb8d4e sp=0x000000068ddfeb20 mode 0
Event: 1483.438 Thread 0x00000122e3756000 DEOPT PACKING pc=0x00000122ec4baca2 sp=0x000000068ddff5c0
Event: 1483.438 Thread 0x00000122e3756000 DEOPT UNPACKING pc=0x00000122ebbb8d4e sp=0x000000068ddfeb20 mode 0
Event: 1613.175 Thread 0x00000122e3756000 DEOPT PACKING pc=0x00000122ec4baca2 sp=0x000000068ddff5c0
Event: 1613.175 Thread 0x00000122e3756000 DEOPT UNPACKING pc=0x00000122ebbb8d4e sp=0x000000068ddfeb20 mode 0


Dynamic libraries:
0x00007ff7ab550000 - 0x00007ff7ab597000 	C:\Program Files\Java\jdk-11.0.7\bin\javaw.exe
0x00007ffe769c0000 - 0x00007ffe76bc9000 	C:\WINDOWS\SYSTEM32\ntdll.dll
0x00007ffe762f0000 - 0x00007ffe763ad000 	C:\WINDOWS\System32\KERNEL32.DLL
0x00007ffe74350000 - 0x00007ffe746cb000 	C:\WINDOWS\System32\KERNELBASE.dll
0x00007ffe76030000 - 0x00007ffe760de000 	C:\WINDOWS\System32\ADVAPI32.dll
0x00007ffe74ad0000 - 0x00007ffe74b73000 	C:\WINDOWS\System32\msvcrt.dll
0x00007ffe764d0000 - 0x00007ffe7656e000 	C:\WINDOWS\System32\sechost.dll
0x00007ffe76840000 - 0x00007ffe76960000 	C:\WINDOWS\System32\RPCRT4.dll
0x00007ffe76630000 - 0x00007ffe767dd000 	C:\WINDOWS\System32\USER32.dll
0x00007ffe741c0000 - 0x00007ffe741e6000 	C:\WINDOWS\System32\win32u.dll
0x00007ffe765f0000 - 0x00007ffe76619000 	C:\WINDOWS\System32\GDI32.dll
0x00007ffe73f80000 - 0x00007ffe74098000 	C:\WINDOWS\System32\gdi32full.dll
0x00007ffe741f0000 - 0x00007ffe7428d000 	C:\WINDOWS\System32\msvcp_win.dll
0x00007ffe740a0000 - 0x00007ffe741b1000 	C:\WINDOWS\System32\ucrtbase.dll
0x00007ffe59760000 - 0x00007ffe59a05000 	C:\WINDOWS\WinSxS\amd64_microsoft.windows.common-controls_6595b64144ccf1df_6.0.22000.120_none_9d947278b86cc467\COMCTL32.dll
0x00007ffe72bf0000 - 0x00007ffe72bfa000 	C:\WINDOWS\SYSTEM32\VERSION.dll
0x00007ffe761c0000 - 0x00007ffe761f1000 	C:\WINDOWS\System32\IMM32.DLL
0x00007ffe62080000 - 0x00007ffe62096000 	C:\Program Files\Java\jdk-11.0.7\bin\vcruntime140.dll
0x00007ffe48020000 - 0x00007ffe480ca000 	C:\Program Files\Java\jdk-11.0.7\bin\msvcp140.dll
0x00007ffdf5a20000 - 0x00007ffdf6581000 	C:\Program Files\Java\jdk-11.0.7\bin\server\jvm.dll
0x00007ffe76620000 - 0x00007ffe76628000 	C:\WINDOWS\System32\PSAPI.DLL
0x00007ffe70300000 - 0x00007ffe70309000 	C:\WINDOWS\SYSTEM32\WSOCK32.dll
0x00007ffe74a00000 - 0x00007ffe74a6f000 	C:\WINDOWS\System32\WS2_32.dll
0x00007ffe6d6a0000 - 0x00007ffe6d6d3000 	C:\WINDOWS\SYSTEM32\WINMM.dll
0x00007ffe72f10000 - 0x00007ffe72f28000 	C:\WINDOWS\SYSTEM32\kernel.appcore.dll
0x00007ffe702e0000 - 0x00007ffe702f1000 	C:\Program Files\Java\jdk-11.0.7\bin\verify.dll
0x00007ffe722d0000 - 0x00007ffe724f1000 	C:\WINDOWS\SYSTEM32\DBGHELP.DLL
0x00007ffe60a10000 - 0x00007ffe60a41000 	C:\WINDOWS\SYSTEM32\dbgcore.DLL
0x00007ffe73f00000 - 0x00007ffe73f7f000 	C:\WINDOWS\System32\bcryptPrimitives.dll
0x00007ffe702b0000 - 0x00007ffe702d9000 	C:\Program Files\Java\jdk-11.0.7\bin\java.dll
0x00007ffe702a0000 - 0x00007ffe702aa000 	C:\Program Files\Java\jdk-11.0.7\bin\jimage.dll
0x00007ffe70280000 - 0x00007ffe70296000 	C:\Program Files\Java\jdk-11.0.7\bin\zip.dll
0x00007ffe753a0000 - 0x00007ffe75b58000 	C:\WINDOWS\System32\SHELL32.dll
0x00007ffe71a50000 - 0x00007ffe722b5000 	C:\WINDOWS\SYSTEM32\windows.storage.dll
0x00007ffe75b60000 - 0x00007ffe75ed7000 	C:\WINDOWS\System32\combase.dll
0x00007ffe718e0000 - 0x00007ffe71a46000 	C:\WINDOWS\SYSTEM32\wintypes.dll
0x00007ffe76200000 - 0x00007ffe762ea000 	C:\WINDOWS\System32\SHCORE.dll
0x00007ffe767e0000 - 0x00007ffe7683d000 	C:\WINDOWS\System32\shlwapi.dll
0x00007ffe73dc0000 - 0x00007ffe73de1000 	C:\WINDOWS\SYSTEM32\profapi.dll
0x00007ffe320a0000 - 0x00007ffe3223f000 	C:\Program Files\Java\jdk-11.0.7\bin\awt.dll
0x00007ffe74ff0000 - 0x00007ffe750c6000 	C:\WINDOWS\System32\OLEAUT32.dll
0x00007ffe70390000 - 0x00007ffe70422000 	C:\WINDOWS\SYSTEM32\apphelp.dll
0x00007ffe71170000 - 0x00007ffe7119f000 	C:\WINDOWS\system32\DWMAPI.DLL
0x00007ffe70cf0000 - 0x00007ffe70d9c000 	C:\WINDOWS\system32\uxtheme.dll
0x00007ffe37140000 - 0x00007ffe37241000 	C:\WINDOWS\system32\opengl32.dll
0x00007ffe37680000 - 0x00007ffe376ad000 	C:\WINDOWS\SYSTEM32\GLU32.dll
0x00007ffe70eb0000 - 0x00007ffe70ee8000 	C:\WINDOWS\SYSTEM32\dxcore.dll
0x00007ffe763b0000 - 0x00007ffe764cd000 	C:\WINDOWS\System32\MSCTF.dll
0x00007ffe74840000 - 0x00007ffe749da000 	C:\WINDOWS\System32\ole32.dll
0x00007ffe68f20000 - 0x00007ffe68fa4000 	C:\Program Files\Java\jdk-11.0.7\bin\freetype.dll
0x00007ffe48a80000 - 0x00007ffe48b2b000 	C:\Program Files\Java\jdk-11.0.7\bin\fontmanager.dll
0x00007ffe70260000 - 0x00007ffe70279000 	C:\Program Files\Java\jdk-11.0.7\bin\net.dll
0x00007ffe6d7a0000 - 0x00007ffe6d8ac000 	C:\WINDOWS\SYSTEM32\WINHTTP.dll
0x00007ffe733b0000 - 0x00007ffe73417000 	C:\WINDOWS\system32\mswsock.dll
0x00007ffe6f2d0000 - 0x00007ffe6f2e3000 	C:\Program Files\Java\jdk-11.0.7\bin\nio.dll
0x00007ffe4f2f0000 - 0x00007ffe4f41d000 	C:\WINDOWS\SYSTEM32\textinputframework.dll
0x00007ffe6ffa0000 - 0x00007ffe700d1000 	C:\WINDOWS\SYSTEM32\CoreMessaging.dll
0x00007ffe6b3d0000 - 0x00007ffe6b73d000 	C:\WINDOWS\SYSTEM32\CoreUIComponents.dll
0x00007ffe73610000 - 0x00007ffe7361c000 	C:\WINDOWS\SYSTEM32\CRYPTBASE.DLL

dbghelp: loaded successfully - version: 4.0.5 - missing functions: none
symbol engine: initialized successfully - sym options: 0x614 - pdb path: .;C:\Program Files\Java\jdk-11.0.7\bin;C:\WINDOWS\SYSTEM32;C:\WINDOWS\WinSxS\amd64_microsoft.windows.common-controls_6595b64144ccf1df_6.0.22000.120_none_9d947278b86cc467;C:\Program Files\Java\jdk-11.0.7\bin\server

VM Arguments:
jvm_args: -Dfile.encoding=Cp1252 
java_command: Shapes
java_class_path (initial): C:\Users\esraa\eclipse-workspace\NetworkProjectMain\bin
Launcher Type: SUN_STANDARD

[Global flags]
     intx CICompilerCount                          = 3                                         {product} {ergonomic}
     uint ConcGCThreads                            = 1                                         {product} {ergonomic}
     uint G1ConcRefinementThreads                  = 4                                         {product} {ergonomic}
   size_t G1HeapRegionSize                         = 1048576                                   {product} {ergonomic}
    uintx GCDrainStackTargetSize                   = 64                                        {product} {ergonomic}
   size_t InitialHeapSize                          = 67108864                                  {product} {ergonomic}
   size_t MarkStackSize                            = 4194304                                   {product} {ergonomic}
   size_t MaxHeapSize                              = 1050673152                                {product} {ergonomic}
   size_t MaxNewSize                               = 630194176                                 {product} {ergonomic}
   size_t MinHeapDeltaBytes                        = 1048576                                   {product} {ergonomic}
    uintx NonNMethodCodeHeapSize                   = 5830732                                {pd product} {ergonomic}
    uintx NonProfiledCodeHeapSize                  = 122913754                              {pd product} {ergonomic}
    uintx ProfiledCodeHeapSize                     = 122913754                              {pd product} {ergonomic}
    uintx ReservedCodeCacheSize                    = 251658240                              {pd product} {ergonomic}
     bool SegmentedCodeCache                       = true                                      {product} {ergonomic}
     bool UseCompressedClassPointers               = true                                 {lp64_product} {ergonomic}
     bool UseCompressedOops                        = true                                 {lp64_product} {ergonomic}
     bool UseG1GC                                  = true                                      {product} {ergonomic}
     bool UseLargePagesIndividualAllocation        = false                                  {pd product} {ergonomic}

Logging:
Log output configuration:
 #0: stdout all=warning uptime,level,tags
 #1: stderr all=off uptime,level,tags

Environment Variables:
JRE_HOME=C:\Program Files\Java\jdk-18.0.2.1\bin
PATH=C:/Program Files/Java/jdk-11.0.7/bin/server;C:/Program Files/Java/jdk-11.0.7/bin;C:\Program Files\Common Files\Oracle\Java\javapath;C:\Python39\Scripts\;C:\Python39\;C:\oraclexe\app\oracle\product\11.2.0\server\bin;C:\Program Files (x86)\Common Files\Oracle\Java\javapath;C:\WINDOWS\system32;C:\WINDOWS;C:\WINDOWS\System32\Wbem;C:\WINDOWS\System32\WindowsPowerShell\v1.0\;C:\WINDOWS\System32\OpenSSH\;C:\Program Files (x86)\Intel\Intel(R) Management Engine Components\DAL;C:\Program Files\Intel\Intel(R) Management Engine Components\DAL;C:\Program Files (x86)\Intel\Intel(R) Management Engine Components\IPT;C:\Program Files\Intel\Intel(R) Management Engine Components\IPT;C:\Program Files\PuTTY\;C:\Program Files\Java\jre1.8.0_241\bin;C:\Program Files\Java\jdk-11.0.1;C:\Program Files\apache-maven-3.6.3\bin;C:\oracle_odbc;C:\ProgramData\chocolatey\bin;C:\Program Files (x86)\dotnet\;C:\Program Files\Microsoft SQL Server\Client SDK\ODBC\170\Tools\Binn\;C:\Program Files (x86)\Microsoft SQL Server\150\Tools\Binn\;C:\Program Files\Microsoft SQL Server\150\Tools\Binn\;C:\Program Files\Microsoft SQL Server\150\DTS\Binn\;C:\Program Files\Azure Data Studio\bin;C:\Program Files\Git\cmd;C:\Users\esraa\AppData\Local\Microsoft\WindowsApps;C:\Program Files\MongoDB\Server\4.2\bin;C:\Program Files\Java\jdk-18.0.2.1\bin;C:\Program Files\Java\jre1.8.0_241\bin;C:\Program Files\Neo4j Desktop;C:\Users\esraa\AppData\Local\atom\bin;C:\Program Files\Azure Data Studio\bin;C:\Users\esraa\AppData\Local\Microsoft\WindowsApps;C:\Program Files\Vim\vim82;C:\Users\esraa\AppData\Local\GitHubDesktop\bin;C:\WINDOWS\system32;
USERNAME=esraa
OS=Windows_NT
PROCESSOR_IDENTIFIER=Intel64 Family 6 Model 142 Stepping 10, GenuineIntel



---------------  S Y S T E M  ---------------

OS: Windows 10 , 64 bit Build 22000 (10.0.22000.708)

CPU:total 4 (initial active 4) (2 cores per cpu, 2 threads per core) family 6 model 142 stepping 10, cmov, cx8, fxsr, mmx, sse, sse2, sse3, ssse3, sse4.1, sse4.2, popcnt, avx, avx2, aes, clmul, erms, 3dnowpref, lzcnt, ht, tsc, tscinvbit, bmi1, bmi2, adx, fma

Memory: 4k page, system-wide physical 4007M (345M free)
TotalPageFile size 16295M (AvailPageFile size 143M)
current process WorkingSet (physical memory assigned to process): 14M, peak: 90M
current process commit charge ("private bytes"): 147M, peak: 162M

vm_info: Java HotSpot(TM) 64-Bit Server VM (11.0.7+8-LTS) for windows-amd64 JRE (11.0.7+8-LTS), built on Mar 12 2020 02:04:32 by "mach5one" with MS VC++ 15.5 (VS2017)

END.
